TN:
SF:src\chart.svelte
FN:33,(anonymous_8)
FN:34,(anonymous_9)
FNF:2
FNH:0
FNDA:0,(anonymous_8)
FNDA:0,(anonymous_9)
DA:8,0
DA:9,0
DA:10,0
DA:21,0
DA:24,0
DA:25,0
DA:27,0
DA:33,0
DA:34,0
DA:37,0
DA:38,0
DA:39,0
DA:44,0
DA:69,0
DA:77,0
DA:81,0
DA:82,0
DA:87,0
LF:18
LH:0
BRF:0
BRH:0
end_of_record
TN:
SF:src\databaseSeed\seed.js
FN:8,seedTasks
FN:30,seedJournal
FN:52,seedJournalEntries
FNF:3
FNH:0
FNDA:0,seedTasks
FNDA:0,seedJournal
FNDA:0,seedJournalEntries
DA:3,0
DA:4,0
DA:6,0
DA:9,0
DA:11,0
DA:17,0
DA:19,0
DA:20,0
DA:21,0
DA:24,0
DA:26,0
DA:31,0
DA:33,0
DA:39,0
DA:41,0
DA:42,0
DA:43,0
DA:46,0
DA:48,0
DA:53,0
DA:55,0
DA:60,0
DA:62,0
DA:63,0
DA:64,0
DA:67,0
DA:69,0
DA:73,0
DA:74,0
DA:75,0
LF:30
LH:0
BRDA:19,0,0,0
BRDA:19,0,1,0
BRDA:41,1,0,0
BRDA:41,1,1,0
BRDA:62,2,0,0
BRDA:62,2,1,0
BRF:6
BRH:0
end_of_record
TN:
SF:src\lib\auth.js
FN:5,registerUser
FN:21,loginUser
FN:39,logOut
FNF:3
FNH:0
FNDA:0,registerUser
FNDA:0,loginUser
FNDA:0,logOut
DA:6,0
DA:11,0
DA:12,0
DA:15,0
DA:16,0
DA:17,0
DA:22,0
DA:27,0
DA:29,0
DA:32,0
DA:33,0
DA:34,0
DA:36,0
DA:40,0
DA:41,0
LF:15
LH:0
BRDA:11,0,0,0
BRDA:11,0,1,0
BRDA:11,1,0,0
BRDA:11,1,1,0
BRDA:15,2,0,0
BRDA:15,2,1,0
BRDA:27,3,0,0
BRDA:27,3,1,0
BRDA:27,4,0,0
BRDA:27,4,1,0
BRDA:32,5,0,0
BRDA:32,5,1,0
BRF:12
BRH:0
end_of_record
TN:
SF:src\lib\index.js
FNF:0
FNH:0
LF:0
LH:0
BRF:0
BRH:0
end_of_record
TN:
SF:src\lib\journalClient.js
FN:5,fetchJournals
FN:28,fetchJournalById
FN:43,createJournal
FN:64,updateJournal
FN:79,deleteJournal
FN:104,createJournalEntry
FN:133,editJournalEntry
FN:153,deleteJournalEntry
FNF:8
FNH:0
FNDA:0,fetchJournals
FNDA:0,fetchJournalById
FNDA:0,createJournal
FNDA:0,updateJournal
FNDA:0,deleteJournal
FNDA:0,createJournalEntry
FNDA:0,editJournalEntry
FNDA:0,deleteJournalEntry
DA:6,0
DA:8,0
DA:11,0
DA:12,0
DA:16,0
DA:20,0
DA:21,0
DA:23,0
DA:24,0
DA:29,0
DA:30,0
DA:35,0
DA:36,0
DA:38,0
DA:39,0
DA:44,0
DA:45,0
DA:46,0
DA:47,0
DA:51,0
DA:53,0
DA:55,0
DA:56,0
DA:57,0
DA:59,0
DA:60,0
DA:65,0
DA:66,0
DA:71,0
DA:72,0
DA:74,0
DA:75,0
DA:80,0
DA:82,0
DA:87,0
DA:90,0
DA:95,0
DA:97,0
DA:99,0
DA:100,0
DA:105,0
DA:108,0
DA:110,0
DA:120,0
DA:122,0
DA:123,0
DA:126,0
DA:128,0
DA:129,0
DA:134,0
DA:135,0
DA:141,0
DA:142,0
DA:145,0
DA:147,0
DA:148,0
DA:154,0
DA:156,0
DA:160,0
DA:162,0
DA:164,0
DA:165,0
LF:62
LH:0
BRDA:11,0,0,0
BRDA:11,0,1,0
BRDA:11,1,0,0
BRDA:11,1,1,0
BRDA:11,1,2,0
BRDA:20,2,0,0
BRDA:20,2,1,0
BRDA:35,3,0,0
BRDA:35,3,1,0
BRDA:46,4,0,0
BRDA:46,4,1,0
BRDA:46,5,0,0
BRDA:46,5,1,0
BRDA:46,5,2,0
BRDA:56,6,0,0
BRDA:56,6,1,0
BRDA:71,7,0,0
BRDA:71,7,1,0
BRDA:87,8,0,0
BRDA:87,8,1,0
BRDA:95,9,0,0
BRDA:95,9,1,0
BRDA:122,10,0,0
BRDA:122,10,1,0
BRDA:141,11,0,0
BRDA:141,11,1,0
BRDA:160,12,0,0
BRDA:160,12,1,0
BRF:28
BRH:0
end_of_record
TN:
SF:src\lib\journalStore.js
FN:15,loadJournals
FN:24,addJournal
FN:29,(anonymous_2)
FN:38,editJournal
FN:41,(anonymous_4)
FN:42,(anonymous_5)
FN:51,removeJournal
FN:54,(anonymous_7)
FN:55,(anonymous_8)
FN:62,addJournalEntry
FN:70,(anonymous_10)
FN:71,(anonymous_11)
FN:82,editJournalEntryInStore
FN:85,(anonymous_13)
FN:86,(anonymous_14)
FN:90,(anonymous_15)
FN:102,deleteJournalEntryInStore
FN:105,(anonymous_17)
FN:106,(anonymous_18)
FN:110,(anonymous_19)
FN:120,logOut
FNF:21
FNH:0
FNDA:0,loadJournals
FNDA:0,addJournal
FNDA:0,(anonymous_2)
FNDA:0,editJournal
FNDA:0,(anonymous_4)
FNDA:0,(anonymous_5)
FNDA:0,removeJournal
FNDA:0,(anonymous_7)
FNDA:0,(anonymous_8)
FNDA:0,addJournalEntry
FNDA:0,(anonymous_10)
FNDA:0,(anonymous_11)
FNDA:0,editJournalEntryInStore
FNDA:0,(anonymous_13)
FNDA:0,(anonymous_14)
FNDA:0,(anonymous_15)
FNDA:0,deleteJournalEntryInStore
FNDA:0,(anonymous_17)
FNDA:0,(anonymous_18)
FNDA:0,(anonymous_19)
FNDA:0,logOut
DA:13,0
DA:16,0
DA:17,0
DA:18,0
DA:20,0
DA:25,0
DA:26,0
DA:27,0
DA:28,0
DA:29,0
DA:31,0
DA:34,0
DA:39,0
DA:40,0
DA:41,0
DA:42,0
DA:43,0
DA:47,0
DA:52,0
DA:53,0
DA:54,0
DA:55,0
DA:58,0
DA:63,0
DA:64,0
DA:65,0
DA:68,0
DA:70,0
DA:71,0
DA:72,0
DA:78,0
DA:83,0
DA:84,0
DA:85,0
DA:86,0
DA:87,0
DA:91,0
DA:98,0
DA:103,0
DA:104,0
DA:105,0
DA:106,0
DA:107,0
DA:110,0
DA:116,0
DA:121,0
LF:46
LH:0
BRDA:27,0,0,0
BRDA:27,0,1,0
BRDA:43,1,0,0
BRDA:43,1,1,0
BRDA:64,2,0,0
BRDA:64,2,1,0
BRDA:64,3,0,0
BRDA:64,3,1,0
BRDA:72,4,0,0
BRDA:72,4,1,0
BRDA:87,5,0,0
BRDA:87,5,1,0
BRDA:91,6,0,0
BRDA:91,6,1,0
BRDA:107,7,0,0
BRDA:107,7,1,0
BRF:16
BRH:0
end_of_record
TN:
SF:src\lib\moodClient.js
FN:5,formatDateForSupabase
FN:6,(anonymous_1)
FN:18,fetchLatestMoodEntries
FN:41,(anonymous_3)
FN:51,addMoodEntry
FN:71,updateMoodEntry
FNF:6
FNH:0
FNDA:0,formatDateForSupabase
FNDA:0,(anonymous_1)
FNDA:0,fetchLatestMoodEntries
FNDA:0,(anonymous_3)
FNDA:0,addMoodEntry
FNDA:0,updateMoodEntry
DA:6,0
DA:8,0
DA:9,0
DA:10,0
DA:11,0
DA:12,0
DA:13,0
DA:15,0
DA:19,0
DA:37,0
DA:38,0
DA:39,0
DA:41,0
DA:47,0
DA:52,0
DA:53,0
DA:55,0
DA:61,0
DA:62,0
DA:64,0
DA:65,0
DA:67,0
DA:72,0
DA:77,0
DA:78,0
DA:80,0
LF:26
LH:0
BRDA:6,0,0,0
BRDA:6,0,1,0
BRDA:28,1,0,0
BRDA:28,1,1,0
BRDA:31,2,0,0
BRDA:31,2,1,0
BRDA:37,3,0,0
BRDA:37,3,1,0
BRDA:43,4,0,0
BRDA:43,4,1,0
BRDA:64,5,0,0
BRDA:64,5,1,0
BRDA:77,6,0,0
BRDA:77,6,1,0
BRF:14
BRH:0
end_of_record
TN:
SF:src\lib\moodStore.js
FN:6,(anonymous_0)
FN:10,addMoodEntryToDB
FN:13,(anonymous_2)
FN:19,logOut
FNF:4
FNH:0
FNDA:0,(anonymous_0)
FNDA:0,addMoodEntryToDB
FNDA:0,(anonymous_2)
FNDA:0,logOut
DA:4,0
DA:6,0
DA:7,0
DA:11,0
DA:12,0
DA:13,0
DA:15,0
DA:20,0
LF:8
LH:0
BRF:0
BRH:0
end_of_record
TN:
SF:src\lib\profileClient.js
FN:5,fetchProfile
FN:22,createProfile
FN:41,updateProfile
FNF:3
FNH:0
FNDA:0,fetchProfile
FNDA:0,createProfile
FNDA:0,updateProfile
DA:6,0
DA:7,0
DA:8,0
DA:9,0
DA:12,0
DA:14,0
DA:15,0
DA:16,0
DA:18,0
DA:23,0
DA:24,0
DA:25,0
DA:26,0
DA:29,0
DA:31,0
DA:33,0
DA:34,0
DA:35,0
DA:38,0
DA:42,0
DA:43,0
DA:44,0
DA:45,0
DA:48,0
DA:50,0
DA:56,0
DA:57,0
DA:58,0
DA:61,0
LF:29
LH:0
BRDA:8,0,0,0
BRDA:8,0,1,0
BRDA:8,1,0,0
BRDA:8,1,1,0
BRDA:8,1,2,0
BRDA:14,2,0,0
BRDA:14,2,1,0
BRDA:25,3,0,0
BRDA:25,3,1,0
BRDA:25,4,0,0
BRDA:25,4,1,0
BRDA:25,4,2,0
BRDA:33,5,0,0
BRDA:33,5,1,0
BRDA:44,6,0,0
BRDA:44,6,1,0
BRDA:44,7,0,0
BRDA:44,7,1,0
BRDA:44,7,2,0
BRDA:56,8,0,0
BRDA:56,8,1,0
BRF:21
BRH:0
end_of_record
TN:
SF:src\lib\profileInfo.js
FN:5,fetchUserProfile
FN:22,getUserProfile
FN:30,updateUserProfile
FNF:3
FNH:0
FNDA:0,fetchUserProfile
FNDA:0,getUserProfile
FNDA:0,updateUserProfile
DA:3,0
DA:6,0
DA:12,0
DA:13,0
DA:14,0
DA:17,0
DA:18,0
DA:23,0
DA:24,0
DA:25,0
DA:27,0
DA:31,0
DA:36,0
DA:37,0
DA:38,0
DA:41,0
DA:42,0
LF:17
LH:0
BRDA:12,0,0,0
BRDA:12,0,1,0
BRDA:24,1,0,0
BRDA:24,1,1,0
BRDA:36,2,0,0
BRDA:36,2,1,0
BRF:6
BRH:0
end_of_record
TN:
SF:src\lib\profileStore.js
FN:13,(anonymous_0)
FN:14,(anonymous_1)
FNF:2
FNH:0
FNDA:0,(anonymous_0)
FNDA:0,(anonymous_1)
DA:3,0
DA:13,0
DA:14,0
LF:3
LH:0
BRF:0
BRH:0
end_of_record
TN:
SF:src\lib\reminderStore.js
FNF:0
FNH:0
DA:4,0
LF:1
LH:0
BRF:0
BRH:0
end_of_record
TN:
SF:src\lib\shareData.js
FNF:0
FNH:0
DA:4,0
LF:1
LH:0
BRF:0
BRH:0
end_of_record
TN:
SF:src\lib\supabaseClient.js
FNF:0
FNH:0
DA:3,0
DA:5,0
DA:7,0
LF:3
LH:0
BRF:0
BRH:0
end_of_record
TN:
SF:src\lib\taskClient.js
FN:6,fetchTasks
FN:26,(anonymous_1)
FN:38,fetchLast3Tasks
FN:56,(anonymous_3)
FN:66,createTask
FN:88,updateTask
FN:100,deleteTask
FNF:7
FNH:0
FNDA:0,fetchTasks
FNDA:0,(anonymous_1)
FNDA:0,fetchLast3Tasks
FNDA:0,(anonymous_3)
FNDA:0,createTask
FNDA:0,updateTask
FNDA:0,deleteTask
DA:7,0
DA:8,0
DA:9,0
DA:10,0
DA:13,0
DA:15,0
DA:16,0
DA:19,0
DA:21,0
DA:22,0
DA:23,0
DA:26,0
DA:31,0
DA:32,0
DA:39,0
DA:40,0
DA:41,0
DA:42,0
DA:45,0
DA:52,0
DA:53,0
DA:56,0
DA:61,0
DA:62,0
DA:67,0
DA:68,0
DA:69,0
DA:70,0
DA:74,0
DA:76,0
DA:77,0
DA:78,0
DA:81,0
DA:83,0
DA:84,0
DA:89,0
DA:94,0
DA:95,0
DA:97,0
DA:101,0
DA:102,0
DA:103,0
DA:105,0
LF:43
LH:0
BRDA:6,0,0,0
BRDA:6,1,0,0
BRDA:6,2,0,0
BRDA:9,3,0,0
BRDA:9,3,1,0
BRDA:9,4,0,0
BRDA:9,4,1,0
BRDA:9,4,2,0
BRDA:15,5,0,0
BRDA:15,5,1,0
BRDA:22,6,0,0
BRDA:22,6,1,0
BRDA:41,7,0,0
BRDA:41,7,1,0
BRDA:41,8,0,0
BRDA:41,8,1,0
BRDA:41,8,2,0
BRDA:52,9,0,0
BRDA:52,9,1,0
BRDA:69,10,0,0
BRDA:69,10,1,0
BRDA:69,11,0,0
BRDA:69,11,1,0
BRDA:69,11,2,0
BRDA:77,12,0,0
BRDA:77,12,1,0
BRDA:94,13,0,0
BRDA:94,13,1,0
BRDA:102,14,0,0
BRDA:102,14,1,0
BRF:30
BRH:0
end_of_record
TN:
SF:src\lib\taskStore.js
FN:7,loadDbTasks
FN:15,addDbTask
FN:20,(anonymous_2)
FN:29,updateDbTask
FN:34,(anonymous_4)
FN:34,(anonymous_5)
FN:41,removeDbTask
FN:44,(anonymous_7)
FN:44,(anonymous_8)
FN:50,getTasksForMonth
FN:51,(anonymous_10)
FN:56,(anonymous_11)
FN:68,getTasksForDay
FN:69,(anonymous_13)
FN:79,toggleTaskCompletion
FN:83,(anonymous_15)
FN:84,(anonymous_16)
FN:95,checkForUpcomingTasks
FN:97,(anonymous_18)
FN:104,(anonymous_19)
FN:110,checkForUpcomingReminders
FN:114,(anonymous_21)
FN:119,(anonymous_22)
FN:124,triggerReminder
FN:133,logOut
FNF:25
FNH:0
FNDA:0,loadDbTasks
FNDA:0,addDbTask
FNDA:0,(anonymous_2)
FNDA:0,updateDbTask
FNDA:0,(anonymous_4)
FNDA:0,(anonymous_5)
FNDA:0,removeDbTask
FNDA:0,(anonymous_7)
FNDA:0,(anonymous_8)
FNDA:0,getTasksForMonth
FNDA:0,(anonymous_10)
FNDA:0,(anonymous_11)
FNDA:0,getTasksForDay
FNDA:0,(anonymous_13)
FNDA:0,toggleTaskCompletion
FNDA:0,(anonymous_15)
FNDA:0,(anonymous_16)
FNDA:0,checkForUpcomingTasks
FNDA:0,(anonymous_18)
FNDA:0,(anonymous_19)
FNDA:0,checkForUpcomingReminders
FNDA:0,(anonymous_21)
FNDA:0,(anonymous_22)
FNDA:0,triggerReminder
FNDA:0,logOut
DA:5,0
DA:8,0
DA:9,0
DA:11,0
DA:16,0
DA:17,0
DA:18,0
DA:19,0
DA:20,0
DA:22,0
DA:25,0
DA:30,0
DA:31,0
DA:32,0
DA:33,0
DA:34,0
DA:37,0
DA:42,0
DA:43,0
DA:44,0
DA:46,0
DA:51,0
DA:52,0
DA:53,0
DA:56,0
DA:57,0
DA:58,0
DA:59,0
DA:61,0
DA:62,0
DA:65,0
DA:69,0
DA:70,0
DA:71,0
DA:76,0
DA:80,0
DA:81,0
DA:82,0
DA:83,0
DA:84,0
DA:87,0
DA:90,0
DA:96,0
DA:97,0
DA:98,0
DA:99,0
DA:101,0
DA:104,0
DA:106,0
DA:111,0
DA:112,0
DA:114,0
DA:115,0
DA:116,0
DA:119,0
DA:120,0
DA:125,0
DA:126,0
DA:131,0
DA:135,0
LF:60
LH:0
BRDA:18,0,0,0
BRDA:18,0,1,0
BRDA:32,1,0,0
BRDA:32,1,1,0
BRDA:34,2,0,0
BRDA:34,2,1,0
BRDA:53,3,0,0
BRDA:53,3,1,0
BRDA:58,4,0,0
BRDA:58,4,1,0
BRDA:72,5,0,0
BRDA:72,5,1,0
BRDA:72,5,2,0
BRDA:82,6,0,0
BRDA:82,6,1,0
BRDA:84,7,0,0
BRDA:84,7,1,0
BRDA:101,8,0,0
BRDA:101,8,1,0
BRDA:116,9,0,0
BRDA:116,9,1,0
BRDA:125,10,0,0
BRDA:125,10,1,0
BRF:23
BRH:0
end_of_record
TN:
SF:src\lib\userPreference.js
FN:5,fetchUserPreferences
FN:16,updateUserPreferences
FNF:2
FNH:0
FNDA:0,fetchUserPreferences
FNDA:0,updateUserPreferences
DA:6,0
DA:12,0
DA:13,0
DA:17,0
DA:22,0
LF:5
LH:0
BRDA:12,0,0,0
BRDA:12,0,1,0
BRDA:13,1,0,0
BRDA:13,1,1,0
BRDA:22,2,0,0
BRDA:22,2,1,0
BRF:6
BRH:0
end_of_record
TN:
SF:src\lib\userStore.js
FN:16,(anonymous_0)
FN:41,(anonymous_1)
FNF:2
FNH:0
FNDA:0,(anonymous_0)
FNDA:0,(anonymous_1)
DA:7,0
DA:14,0
DA:16,0
DA:17,0
DA:19,0
DA:21,0
DA:23,0
DA:24,0
DA:26,0
DA:33,0
DA:34,0
DA:37,0
DA:41,0
DA:42,0
DA:43,0
DA:44,0
DA:45,0
DA:47,0
LF:18
LH:0
BRDA:17,0,0,0
BRDA:17,0,1,0
BRDA:21,1,0,0
BRDA:21,1,1,0
BRDA:21,2,0,0
BRDA:21,2,1,0
BRF:6
BRH:0
end_of_record
TN:
SF:src\lib\components\Calendar.svelte
FN:33,(anonymous_33)
FN:68,(anonymous_37)
FN:83,(anonymous_39)
FN:103,(anonymous_40)
FN:129,(anonymous_41)
FNF:5
FNH:0
FNDA:0,(anonymous_33)
FNDA:0,(anonymous_37)
FNDA:0,(anonymous_39)
FNDA:0,(anonymous_40)
FNDA:0,(anonymous_41)
DA:5,0
DA:6,0
DA:10,0
DA:11,0
DA:14,0
DA:15,0
DA:16,0
DA:20,0
DA:21,0
DA:25,0
DA:30,0
DA:32,0
DA:33,0
DA:36,0
DA:38,0
DA:40,0
DA:41,0
DA:44,0
DA:45,0
DA:50,0
DA:53,0
DA:55,0
DA:57,0
DA:60,0
DA:62,0
DA:63,0
DA:64,0
DA:68,0
DA:72,0
DA:73,0
DA:75,0
DA:78,0
DA:80,0
DA:81,0
DA:83,0
DA:88,0
DA:95,0
DA:99,0
DA:101,0
DA:103,0
DA:111,0
DA:112,0
DA:113,0
DA:114,0
DA:115,0
DA:116,0
DA:117,0
DA:118,0
DA:122,0
DA:123,0
DA:124,0
DA:126,0
DA:127,0
DA:129,0
DA:131,0
DA:133,0
DA:134,0
DA:135,0
DA:138,0
DA:146,0
DA:147,0
DA:148,0
DA:149,0
DA:151,0
LF:64
LH:0
BRDA:133,0,0,0
BRDA:133,1,0,0
BRDA:133,1,1,0
BRDA:135,2,0,0
BRDA:135,3,0,0
BRDA:135,3,1,0
BRDA:131,4,0,0
BRDA:131,4,1,0
BRDA:149,5,0,0
BRDA:149,6,0,0
BRDA:149,6,1,0
BRDA:151,7,0,0
BRDA:95,8,0,0
BRDA:95,8,1,0
BRDA:146,9,0,0
BRDA:146,9,1,0
BRDA:95,10,0,0
BRDA:95,11,0,0
BRDA:95,11,1,0
BRDA:95,11,2,0
BRDA:73,12,0,0
BRDA:73,12,1,0
BRDA:73,12,2,0
BRDA:6,13,0,0
BRDA:49,14,0,0
BRDA:49,14,1,0
BRDA:68,15,0,0
BRDA:68,15,1,0
BRDA:5,16,0,0
BRDA:5,16,1,0
BRF:30
BRH:0
end_of_record
TN:
SF:src\lib\components\Profile.svelte
FN:32,(anonymous_20)
FNF:1
FNH:0
FNDA:0,(anonymous_20)
DA:6,0
DA:25,0
DA:26,0
DA:27,0
DA:32,0
DA:33,0
DA:36,0
DA:38,0
DA:41,0
DA:42,0
DA:43,0
DA:45,0
DA:46,0
DA:47,0
DA:54,0
DA:55,0
DA:58,0
DA:59,0
DA:61,0
DA:68,0
DA:69,0
DA:70,0
DA:72,0
DA:73,0
DA:75,0
DA:76,0
DA:78,0
DA:81,0
DA:86,0
DA:87,0
DA:93,0
DA:94,0
DA:97,0
DA:99,0
DA:107,0
DA:108,0
DA:109,0
DA:114,0
DA:115,0
DA:116,0
DA:119,0
DA:124,0
DA:128,0
DA:133,0
LF:44
LH:0
BRDA:128,0,0,0
BRDA:128,0,1,0
BRDA:107,1,0,0
BRDA:107,1,1,0
BRDA:73,2,0,0
BRDA:73,3,0,0
BRDA:73,3,1,0
BRDA:73,3,2,0
BRDA:76,4,0,0
BRDA:76,5,0,0
BRDA:76,5,1,0
BRDA:76,5,2,0
BRDA:107,6,0,0
BRDA:119,7,0,0
BRDA:119,7,1,0
BRDA:128,8,0,0
BRDA:128,9,0,0
BRDA:128,9,1,0
BRDA:128,9,2,0
BRDA:33,10,0,0
BRDA:33,10,1,0
BRF:21
BRH:0
end_of_record
TN:
SF:src\lib\components\Speech_To_Text.svelte
FNF:0
FNH:0
DA:5,0
DA:8,0
DA:9,0
DA:10,0
DA:11,0
DA:12,0
DA:14,0
DA:15,0
DA:18,0
DA:19,0
DA:20,0
DA:21,0
DA:24,0
DA:26,0
DA:31,0
DA:35,0
DA:36,0
DA:40,0
DA:43,0
DA:48,0
DA:49,0
DA:55,0
DA:56,0
DA:57,0
DA:62,0
DA:69,0
DA:70,0
DA:76,0
DA:82,0
DA:84,0
LF:30
LH:0
BRDA:31,0,0,0
BRDA:31,0,1,0
BRDA:31,1,0,0
BRDA:31,1,1,0
BRDA:31,2,0,0
BRDA:31,2,1,0
BRF:6
BRH:0
end_of_record
TN:
SF:src\lib\components\advice\StressReduction.svelte
FN:267,(anonymous_23)
FN:292,(anonymous_55)
FN:192,(anonymous_62)
FN:208,(anonymous_67)
FN:214,(anonymous_68)
FN:229,(anonymous_69)
FN:235,(anonymous_70)
FN:258,(anonymous_72)
FN:268,(anonymous_73)
FN:294,(anonymous_74)
FNF:10
FNH:0
FNDA:0,(anonymous_23)
FNDA:0,(anonymous_55)
FNDA:0,(anonymous_62)
FNDA:0,(anonymous_67)
FNDA:0,(anonymous_68)
FNDA:0,(anonymous_69)
FNDA:0,(anonymous_70)
FNDA:0,(anonymous_72)
FNDA:0,(anonymous_73)
FNDA:0,(anonymous_74)
DA:5,0
DA:6,0
DA:7,0
DA:8,0
DA:9,0
DA:184,0
DA:189,0
DA:190,0
DA:193,0
DA:199,0
DA:203,0
DA:204,0
DA:207,0
DA:208,0
DA:213,0
DA:214,0
DA:225,0
DA:228,0
DA:229,0
DA:234,0
DA:235,0
DA:248,0
DA:251,0
DA:252,0
DA:253,0
DA:254,0
DA:255,0
DA:257,0
DA:258,0
DA:259,0
DA:260,0
DA:261,0
DA:262,0
DA:266,0
DA:267,0
DA:268,0
DA:269,0
DA:270,0
DA:271,0
DA:272,0
DA:279,0
DA:287,0
DA:288,0
DA:289,0
DA:292,0
DA:293,0
DA:294,0
DA:295,0
DA:296,0
DA:297,0
DA:298,0
LF:51
LH:0
BRDA:257,0,0,0
BRDA:255,1,0,0
BRDA:260,2,0,0
BRDA:260,2,1,0
BRDA:266,3,0,0
BRDA:266,3,1,0
BRDA:259,4,0,0
BRDA:259,5,0,0
BRDA:259,5,1,0
BRDA:262,6,0,0
BRDA:262,7,0,0
BRDA:262,7,1,0
BRDA:272,8,0,0
BRDA:272,9,0,0
BRDA:272,9,1,0
BRDA:270,10,0,0
BRDA:270,10,1,0
BRDA:269,11,0,0
BRDA:269,12,0,0
BRDA:269,12,1,0
BRDA:296,13,0,0
BRDA:296,13,1,0
BRDA:293,14,0,0
BRDA:293,14,1,0
BRDA:293,15,0,0
BRDA:251,16,0,0
BRDA:251,16,1,0
BRDA:184,17,0,0
BRDA:184,17,1,0
BRDA:204,18,0,0
BRDA:204,18,1,0
BRDA:214,19,0,0
BRDA:214,19,1,0
BRDA:235,20,0,0
BRDA:235,20,1,0
BRF:35
BRH:0
end_of_record
TN:
SF:src\lib\components\auth\GoogleLogIn.svelte
FNF:0
FNH:0
DA:1,0
DA:12,0
LF:2
LH:0
BRF:0
BRH:0
end_of_record
TN:
SF:src\lib\components\calendar\Calendar.js
FN:1,getDaysInMonth
FN:3,(anonymous_1)
FN:6,getBlankDays
FNF:3
FNH:0
FNDA:0,getDaysInMonth
FNDA:0,(anonymous_1)
FNDA:0,getBlankDays
DA:2,0
DA:3,0
DA:7,0
DA:8,0
LF:4
LH:0
BRF:0
BRH:0
end_of_record
TN:
SF:src\lib\components\calendar\Calendar.svelte
FN:31,(anonymous_65)
FNF:1
FNH:0
FNDA:0,(anonymous_65)
DA:14,0
DA:15,0
DA:16,0
DA:17,0
DA:18,0
DA:21,0
DA:22,0
DA:23,0
DA:26,0
DA:27,0
DA:31,0
DA:37,0
DA:40,0
DA:44,0
DA:45,0
DA:46,0
DA:50,0
DA:54,0
DA:55,0
DA:57,0
DA:59,0
DA:60,0
DA:65,0
DA:66,0
DA:67,0
DA:69,0
DA:70,0
DA:74,0
DA:75,0
DA:76,0
LF:30
LH:0
BRDA:74,0,0,0
BRDA:74,0,1,0
BRDA:70,1,0,0
BRDA:70,2,0,0
BRDA:76,3,0,0
BRDA:54,4,0,0
BRDA:31,5,0,0
BRDA:31,5,1,0
BRDA:31,5,2,0
BRF:9
BRH:0
end_of_record
TN:
SF:src\lib\components\calendar\CalendarDay.svelte
FN:19,(anonymous_43)
FN:20,(anonymous_44)
FNF:2
FNH:0
FNDA:0,(anonymous_43)
FNDA:0,(anonymous_44)
DA:4,0
DA:5,0
DA:6,0
DA:9,0
DA:14,0
DA:19,0
DA:20,0
DA:21,0
DA:24,0
DA:29,0
DA:33,0
DA:34,0
DA:38,0
DA:39,0
DA:40,0
DA:41,0
DA:43,0
DA:44,0
LF:18
LH:0
BRDA:40,0,0,0
BRDA:40,0,1,0
BRDA:43,1,0,0
BRDA:43,1,1,0
BRDA:41,2,0,0
BRDA:44,3,0,0
BRDA:38,4,0,0
BRDA:34,5,0,0
BRDA:34,6,0,0
BRDA:34,6,1,0
BRF:10
BRH:0
end_of_record
TN:
SF:src\lib\components\calendar\CalendarHeader.svelte
FN:11,(anonymous_9)
FN:34,(anonymous_10)
FNF:2
FNH:0
FNDA:0,(anonymous_9)
FNDA:0,(anonymous_10)
DA:2,0
DA:3,0
DA:7,0
DA:9,0
DA:11,0
DA:17,0
DA:24,0
DA:29,0
DA:32,0
DA:34,0
LF:10
LH:0
BRDA:24,0,0,0
BRDA:24,0,1,0
BRDA:24,1,0,0
BRDA:24,2,0,0
BRDA:24,2,1,0
BRF:5
BRH:0
end_of_record
TN:
SF:src\lib\components\calendar\DayTaskIndicator.svelte
FNF:0
FNH:0
DA:2,0
DA:3,0
DA:6,0
DA:7,0
LF:4
LH:0
BRDA:7,0,0,0
BRDA:7,0,1,0
BRDA:2,1,0,0
BRF:3
BRH:0
end_of_record
TN:
SF:src\lib\components\calendar\EventModal.svelte
FNF:0
FNH:0
DA:7,0
DA:8,0
DA:9,0
DA:14,0
DA:20,0
DA:25,0
DA:29,0
DA:30,0
DA:32,0
DA:33,0
DA:37,0
DA:44,0
DA:53,0
DA:54,0
DA:55,0
DA:56,0
DA:59,0
DA:60,0
DA:61,0
DA:62,0
LF:20
LH:0
BRDA:56,0,0,0
BRDA:55,1,0,0
BRDA:55,1,1,0
BRDA:33,2,0,0
BRDA:62,3,0,0
BRDA:60,4,0,0
BRDA:9,5,0,0
BRF:7
BRH:0
end_of_record
TN:
SF:src\lib\components\calendar\WeekDay.svelte
FNF:0
FNH:0
DA:2,0
DA:5,0
DA:10,0
LF:3
LH:0
BRDA:10,0,0,0
BRF:1
BRH:0
end_of_record
TN:
SF:src\lib\components\calendar\WeekDays.svelte
FNF:0
FNH:0
DA:4,0
DA:7,0
DA:8,0
LF:3
LH:0
BRF:0
BRH:0
end_of_record
TN:
SF:src\lib\components\generic\Button.svelte
FNF:0
FNH:0
DA:3,0
DA:4,0
DA:5,0
DA:9,0
DA:18,0
DA:21,0
DA:22,0
LF:7
LH:0
BRDA:21,0,0,0
BRDA:22,1,0,0
BRDA:3,2,0,0
BRDA:4,3,0,0
BRDA:18,4,0,0
BRDA:18,4,1,0
BRF:6
BRH:0
end_of_record
TN:
SF:src\lib\components\generic\ButtonContainer.svelte
FNF:0
FNH:0
DA:3,0
DA:4,0
DA:5,0
DA:6,0
DA:9,0
DA:10,0
DA:11,0
LF:7
LH:0
BRDA:10,0,0,0
BRDA:10,1,0,0
BRDA:11,2,0,0
BRDA:11,3,0,0
BRDA:3,4,0,0
BRDA:4,5,0,0
BRF:6
BRH:0
end_of_record
TN:
SF:src\lib\components\generic\DarkModeButton.svelte
FNF:0
FNH:0
DA:3,0
DA:9,0
DA:10,0
DA:11,0
DA:14,0
DA:19,0
DA:21,0
DA:28,0
DA:30,0
DA:36,0
DA:41,0
DA:42,0
DA:43,0
DA:44,0
DA:45,0
LF:15
LH:0
BRDA:45,0,0,0
BRDA:45,0,1,0
BRDA:44,1,0,0
BRDA:44,1,1,0
BRDA:45,2,0,0
BRDA:45,3,0,0
BRDA:45,3,1,0
BRF:7
BRH:0
end_of_record
TN:
SF:src\lib\components\generic\InputField.svelte
FNF:0
FNH:0
DA:2,0
DA:3,0
DA:4,0
DA:7,0
DA:11,0
DA:12,0
DA:13,0
LF:7
LH:0
BRDA:2,0,0,0
BRDA:3,1,0,0
BRDA:4,2,0,0
BRF:3
BRH:0
end_of_record
TN:
SF:src\lib\components\generic\Title.svelte
FNF:0
FNH:0
DA:2,0
LF:1
LH:0
BRDA:2,0,0,0
BRF:1
BRH:0
end_of_record
TN:
SF:src\lib\components\journal\AddJournalEntry.svelte
FNF:0
FNH:0
DA:6,0
DA:8,0
DA:9,0
DA:10,0
DA:12,0
DA:13,0
DA:14,0
DA:15,0
DA:19,0
DA:23,0
DA:29,0
DA:31,0
DA:33,0
DA:34,0
DA:38,0
DA:39,0
DA:40,0
DA:42,0
DA:44,0
DA:45,0
DA:49,0
DA:52,0
DA:53,0
DA:54,0
DA:57,0
DA:58,0
DA:60,0
DA:61,0
DA:67,0
LF:29
LH:0
BRDA:61,0,0,0
BRDA:61,0,1,0
BRDA:39,1,0,0
BRDA:39,1,1,0
BRDA:45,2,0,0
BRDA:45,2,1,0
BRDA:44,3,0,0
BRDA:44,3,1,0
BRDA:54,4,0,0
BRDA:54,4,1,0
BRDA:60,5,0,0
BRDA:60,5,1,0
BRDA:61,6,0,0
BRDA:61,6,1,0
BRDA:38,7,0,0
BRDA:38,7,1,0
BRDA:18,8,0,0
BRDA:18,8,1,0
BRDA:13,9,0,0
BRDA:13,9,1,0
BRDA:15,10,0,0
BRDA:15,10,1,0
BRF:22
BRH:0
end_of_record
TN:
SF:src\lib\components\journal\AddJournalForm.svelte
FNF:0
FNH:0
DA:6,0
DA:7,0
DA:9,0
DA:10,0
DA:12,0
DA:13,0
DA:17,0
DA:21,0
DA:26,0
DA:29,0
DA:32,0
DA:33,0
DA:37,0
DA:39,0
DA:41,0
DA:42,0
DA:43,0
DA:46,0
DA:49,0
DA:55,0
DA:56,0
DA:59,0
DA:61,0
DA:67,0
DA:68,0
DA:70,0
DA:72,0
DA:76,0
LF:28
LH:0
BRDA:72,0,0,0
BRDA:72,0,1,0
BRDA:49,1,0,0
BRDA:49,1,1,0
BRDA:70,2,0,0
BRDA:70,2,1,0
BRDA:72,3,0,0
BRDA:72,3,1,0
BRDA:39,4,0,0
BRDA:39,4,1,0
BRDA:16,5,0,0
BRDA:16,5,1,0
BRDA:10,6,0,0
BRDA:10,6,1,0
BRDA:13,7,0,0
BRDA:13,7,1,0
BRF:16
BRH:0
end_of_record
TN:
SF:src\lib\components\journal\JournalEntry.svelte
FNF:0
FNH:0
DA:6,0
DA:7,0
DA:8,0
DA:9,0
DA:12,0
DA:16,0
DA:17,0
DA:18,0
DA:20,0
DA:26,0
LF:10
LH:0
BRDA:20,0,0,0
BRDA:17,1,0,0
BRDA:17,2,0,0
BRDA:17,2,1,0
BRDA:17,2,2,0
BRDA:17,3,0,0
BRDA:17,3,1,0
BRDA:17,3,2,0
BRDA:18,4,0,0
BRDA:18,5,0,0
BRDA:18,5,1,0
BRDA:18,5,2,0
BRDA:18,6,0,0
BRDA:18,6,1,0
BRDA:18,6,2,0
BRDA:16,7,0,0
BRDA:16,7,1,0
BRDA:16,7,2,0
BRDA:9,8,0,0
BRDA:9,8,1,0
BRF:20
BRH:0
end_of_record
TN:
SF:src\lib\components\journal\JournalEntryFront.svelte
FNF:0
FNH:0
DA:2,0
DA:3,0
DA:7,0
DA:12,0
DA:13,0
DA:14,0
DA:15,0
DA:16,0
DA:17,0
DA:18,0
DA:20,0
DA:21,0
DA:26,0
DA:27,0
DA:28,0
DA:30,0
DA:33,0
LF:17
LH:0
BRDA:28,0,0,0
BRDA:28,0,1,0
BRDA:17,1,0,0
BRDA:17,2,0,0
BRDA:17,2,1,0
BRDA:15,3,0,0
BRDA:15,4,0,0
BRDA:15,4,1,0
BRDA:28,5,0,0
BRDA:28,6,0,0
BRDA:28,6,1,0
BRDA:18,7,0,0
BRDA:18,7,1,0
BRDA:18,8,0,0
BRDA:18,9,0,0
BRDA:18,9,1,0
BRDA:12,10,0,0
BRDA:12,10,1,0
BRF:18
BRH:0
end_of_record
TN:
SF:src\lib\components\journal\JournalList.svelte
FN:24,(anonymous_3)
FN:45,(anonymous_54)
FNF:2
FNH:0
FNDA:0,(anonymous_3)
FNDA:0,(anonymous_54)
DA:6,0
DA:7,0
DA:15,0
DA:20,0
DA:21,0
DA:23,0
DA:24,0
DA:25,0
DA:27,0
DA:29,0
DA:31,0
DA:35,0
DA:36,0
DA:37,0
DA:38,0
DA:39,0
DA:42,0
DA:45,0
DA:48,0
DA:49,0
DA:50,0
DA:51,0
DA:52,0
LF:23
LH:0
BRDA:51,0,0,0
BRDA:51,0,1,0
BRDA:51,0,2,0
BRDA:48,1,0,0
BRDA:48,1,1,0
BRDA:31,2,0,0
BRDA:31,2,1,0
BRDA:37,3,0,0
BRDA:37,4,0,0
BRDA:37,4,1,0
BRDA:37,4,2,0
BRDA:38,5,0,0
BRDA:38,6,0,0
BRDA:38,6,1,0
BRDA:38,6,2,0
BRDA:39,7,0,0
BRDA:39,8,0,0
BRDA:39,8,1,0
BRDA:39,8,2,0
BRDA:35,9,0,0
BRDA:35,9,1,0
BRDA:35,9,2,0
BRDA:31,10,0,0
BRDA:31,10,1,0
BRDA:31,10,2,0
BRDA:27,11,0,0
BRDA:20,12,0,0
BRDA:7,13,0,0
BRF:28
BRH:0
end_of_record
TN:
SF:src\lib\components\journal\journalEntry\JournalEntryDisplay.svelte
FNF:0
FNH:0
DA:2,0
DA:3,0
DA:6,0
DA:7,0
DA:10,0
DA:11,0
DA:12,0
DA:14,0
DA:20,0
DA:22,0
DA:24,0
LF:11
LH:0
BRDA:24,0,0,0
BRDA:14,1,0,0
BRDA:11,2,0,0
BRDA:11,3,0,0
BRDA:11,3,1,0
BRDA:10,4,0,0
BRF:6
BRH:0
end_of_record
TN:
SF:src\lib\components\journal\journalEntry\JournalEntryEdit.svelte
FNF:0
FNH:0
DA:2,0
DA:3,0
DA:4,0
DA:6,0
DA:11,0
DA:14,0
DA:16,0
DA:23,0
DA:27,0
DA:28,0
DA:29,0
DA:34,0
DA:35,0
DA:41,0
LF:14
LH:0
BRF:0
BRH:0
end_of_record
TN:
SF:src\lib\components\mood\Mood.svelte
FN:81,(anonymous_17)
FN:27,(anonymous_33)
FNF:2
FNH:0
FNDA:0,(anonymous_17)
FNDA:0,(anonymous_33)
DA:7,0
DA:11,0
DA:12,0
DA:13,0
DA:14,0
DA:15,0
DA:18,0
DA:19,0
DA:20,0
DA:23,0
DA:27,0
DA:29,0
DA:31,0
DA:56,0
DA:67,0
DA:68,0
DA:70,0
DA:71,0
DA:76,0
DA:77,0
DA:78,0
DA:79,0
DA:80,0
DA:81,0
DA:82,0
DA:86,0
DA:87,0
DA:89,0
DA:90,0
DA:97,0
LF:30
LH:0
BRDA:87,0,0,0
BRDA:87,1,0,0
BRDA:87,1,1,0
BRDA:90,2,0,0
BRDA:90,3,0,0
BRDA:90,3,1,0
BRDA:79,4,0,0
BRDA:79,5,0,0
BRDA:79,5,1,0
BRDA:77,6,0,0
BRDA:56,7,0,0
BRDA:56,7,1,0
BRF:12
BRH:0
end_of_record
TN:
SF:src\lib\components\mood\MoodAdder.svelte
FN:117,(anonymous_59)
FN:135,(anonymous_60)
FN:135,(anonymous_61)
FN:181,(anonymous_62)
FN:198,(anonymous_63)
FN:198,(anonymous_64)
FNF:6
FNH:0
FNDA:0,(anonymous_59)
FNDA:0,(anonymous_60)
FNDA:0,(anonymous_61)
FNDA:0,(anonymous_62)
FNDA:0,(anonymous_63)
FNDA:0,(anonymous_64)
DA:26,0
DA:32,0
DA:33,0
DA:36,0
DA:39,0
DA:61,0
DA:62,0
DA:63,0
DA:66,0
DA:69,0
DA:72,0
DA:74,0
DA:78,0
DA:80,0
DA:81,0
DA:86,0
DA:88,0
DA:89,0
DA:99,0
DA:105,0
DA:107,0
DA:108,0
DA:109,0
DA:110,0
DA:111,0
DA:112,0
DA:113,0
DA:115,0
DA:117,0
DA:119,0
DA:121,0
DA:122,0
DA:124,0
DA:128,0
DA:129,0
DA:130,0
DA:132,0
DA:133,0
DA:135,0
DA:141,0
DA:148,0
DA:149,0
DA:151,0
DA:152,0
DA:153,0
DA:154,0
DA:155,0
DA:159,0
DA:160,0
DA:161,0
DA:172,0
DA:173,0
DA:174,0
DA:175,0
DA:176,0
DA:177,0
DA:179,0
DA:181,0
DA:183,0
DA:185,0
DA:186,0
DA:188,0
DA:192,0
DA:193,0
DA:194,0
DA:195,0
DA:198,0
DA:202,0
LF:68
LH:0
BRDA:121,0,0,0
BRDA:115,1,0,0
BRDA:115,1,1,0
BRDA:115,2,0,0
BRDA:115,2,1,0
BRDA:130,3,0,0
BRDA:185,4,0,0
BRDA:179,5,0,0
BRDA:179,5,1,0
BRDA:179,6,0,0
BRDA:179,6,1,0
BRDA:202,7,0,0
BRDA:202,7,1,0
BRDA:193,8,0,0
BRDA:193,9,0,0
BRDA:193,9,1,0
BRDA:128,10,0,0
BRDA:128,10,1,0
BRDA:128,10,2,0
BRDA:141,11,0,0
BRDA:141,11,1,0
BRDA:192,12,0,0
BRDA:192,12,1,0
BRDA:107,13,0,0
BRDA:107,13,1,0
BRDA:128,14,0,0
BRDA:128,14,1,0
BRDA:107,15,0,0
BRDA:107,15,1,0
BRDA:107,15,2,0
BRDA:85,16,0,0
BRDA:85,16,1,0
BRF:32
BRH:0
end_of_record
TN:
SF:src\lib\components\mood\MoodAdviser.svelte
FNF:0
FNH:0
DA:6,0
DA:7,0
DA:8,0
DA:11,0
DA:13,0
DA:15,0
DA:17,0
DA:19,0
DA:21,0
DA:23,0
DA:25,0
DA:27,0
DA:29,0
DA:31,0
DA:33,0
DA:35,0
DA:37,0
DA:39,0
DA:41,0
DA:46,0
DA:50,0
DA:55,0
DA:59,0
DA:64,0
DA:65,0
DA:66,0
DA:67,0
DA:68,0
DA:70,0
DA:71,0
DA:72,0
DA:73,0
DA:74,0
DA:76,0
DA:77,0
DA:79,0
DA:80,0
DA:89,0
DA:90,0
DA:91,0
DA:92,0
DA:93,0
LF:42
LH:0
BRDA:93,0,0,0
BRDA:64,1,0,0
BRDA:64,2,0,0
BRDA:64,2,1,0
BRDA:89,3,0,0
BRDA:89,4,0,0
BRDA:89,4,1,0
BRDA:11,5,0,0
BRDA:11,5,1,0
BRF:9
BRH:0
end_of_record
TN:
SF:src\lib\components\mood\MoodCard.svelte
FNF:0
FNH:0
DA:3,0
DA:4,0
DA:7,0
DA:10,0
DA:11,0
DA:12,0
LF:6
LH:0
BRDA:10,0,0,0
BRDA:10,0,1,0
BRDA:11,1,0,0
BRDA:12,2,0,0
BRDA:10,3,0,0
BRDA:10,3,1,0
BRF:6
BRH:0
end_of_record
TN:
SF:src\lib\components\mood\SidePanel.svelte
FNF:0
FNH:0
DA:1,0
DA:2,0
DA:3,0
DA:4,0
DA:5,0
LF:5
LH:0
BRF:0
BRH:0
end_of_record
TN:
SF:src\lib\components\moodtest\moodpage.svelte
FNF:0
FNH:0
DA:1,0
LF:1
LH:0
BRF:0
BRH:0
end_of_record
TN:
SF:src\lib\components\questionare\questions.svelte
FN:117,(anonymous_25)
FN:121,(anonymous_26)
FNF:2
FNH:0
FNDA:0,(anonymous_25)
FNDA:0,(anonymous_26)
DA:5,0
DA:6,0
DA:90,0
DA:91,0
DA:102,0
DA:103,0
DA:109,0
DA:115,0
DA:116,0
DA:117,0
DA:120,0
DA:121,0
DA:172,0
DA:177,0
DA:178,0
DA:182,0
DA:183,0
DA:187,0
DA:191,0
DA:192,0
DA:207,0
DA:208,0
DA:210,0
DA:213,0
DA:216,0
DA:220,0
DA:221,0
DA:226,0
DA:228,0
DA:229,0
DA:230,0
DA:231,0
DA:233,0
DA:235,0
DA:236,0
DA:237,0
DA:240,0
DA:241,0
DA:243,0
DA:244,0
DA:245,0
DA:248,0
DA:255,0
DA:260,0
LF:44
LH:0
BRDA:245,0,0,0
BRDA:245,0,1,0
BRDA:117,1,0,0
BRDA:117,1,1,0
BRDA:121,2,0,0
BRDA:121,2,1,0
BRDA:140,3,0,0
BRDA:140,3,1,0
BRDA:147,4,0,0
BRDA:147,4,1,0
BRDA:155,5,0,0
BRDA:155,5,1,0
BRF:12
BRH:0
end_of_record
TN:
SF:src\lib\components\task\NotificationButton.svelte
FNF:0
FNH:0
DA:6,0
DA:17,0
LF:2
LH:0
BRF:0
BRH:0
end_of_record
TN:
SF:src\lib\components\task\Task.svelte
FNF:0
FNH:0
DA:7,0
DA:8,0
DA:9,0
DA:10,0
DA:11,0
DA:13,0
DA:24,0
DA:29,0
DA:34,0
DA:38,0
DA:41,0
DA:42,0
DA:45,0
DA:46,0
DA:49,0
DA:50,0
DA:51,0
DA:55,0
DA:57,0
DA:65,0
DA:66,0
DA:73,0
DA:85,0
DA:86,0
DA:90,0
DA:94,0
DA:95,0
DA:97,0
DA:98,0
DA:100,0
DA:115,0
LF:31
LH:0
BRDA:100,0,0,0
BRDA:100,0,1,0
BRDA:97,1,0,0
BRDA:97,1,1,0
BRDA:98,2,0,0
BRDA:98,2,1,0
BRDA:100,3,0,0
BRDA:100,4,0,0
BRDA:100,4,1,0
BRDA:100,4,2,0
BRDA:97,5,0,0
BRDA:97,5,1,0
BRDA:97,5,2,0
BRDA:98,6,0,0
BRDA:98,6,1,0
BRDA:98,6,2,0
BRDA:65,7,0,0
BRDA:86,8,0,0
BRDA:51,9,0,0
BRDA:51,9,1,0
BRDA:45,10,0,0
BRDA:45,10,1,0
BRDA:46,11,0,0
BRDA:46,11,1,0
BRDA:51,12,0,0
BRDA:51,12,1,0
BRDA:51,12,2,0
BRDA:45,13,0,0
BRDA:45,13,1,0
BRDA:45,13,2,0
BRDA:46,14,0,0
BRDA:46,14,1,0
BRDA:46,14,2,0
BRF:33
BRH:0
end_of_record
TN:
SF:src\lib\components\task\TaskAdder.svelte
FNF:0
FNH:0
DA:8,0
DA:11,0
DA:12,0
DA:36,0
DA:38,0
DA:41,0
DA:43,0
DA:55,0
DA:60,0
DA:67,0
DA:69,0
DA:72,0
DA:73,0
DA:74,0
DA:77,0
DA:84,0
DA:85,0
DA:87,0
DA:89,0
DA:96,0
DA:98,0
DA:99,0
DA:100,0
DA:101,0
DA:103,0
DA:107,0
DA:108,0
DA:109,0
DA:111,0
DA:118,0
DA:119,0
DA:120,0
DA:121,0
DA:122,0
DA:125,0
DA:126,0
DA:127,0
DA:129,0
DA:137,0
DA:138,0
LF:40
LH:0
BRDA:122,0,0,0
BRDA:96,1,0,0
BRDA:77,2,0,0
BRDA:77,2,1,0
BRDA:12,3,0,0
BRF:5
BRH:0
end_of_record
TN:
SF:src\lib\components\task\TaskEdit.svelte
FNF:0
FNH:0
DA:3,0
DA:4,0
DA:5,0
DA:6,0
DA:7,0
DA:10,0
DA:14,0
DA:17,0
DA:21,0
DA:22,0
DA:23,0
DA:24,0
DA:25,0
DA:26,0
DA:30,0
DA:33,0
DA:34,0
DA:35,0
DA:39,0
DA:42,0
DA:43,0
DA:46,0
DA:49,0
DA:53,0
DA:54,0
DA:57,0
DA:61,0
LF:27
LH:0
BRDA:57,0,0,0
BRDA:30,1,0,0
BRDA:30,1,1,0
BRDA:10,2,0,0
BRDA:10,2,1,0
BRF:5
BRH:0
end_of_record
TN:
SF:src\lib\components\task\TaskList.svelte
FN:44,(anonymous_4)
FN:50,(anonymous_5)
FNF:2
FNH:0
FNDA:0,(anonymous_4)
FNDA:0,(anonymous_5)
DA:7,0
DA:8,0
DA:9,0
DA:10,0
DA:12,0
DA:13,0
DA:17,0
DA:22,0
DA:24,0
DA:28,0
DA:29,0
DA:31,0
DA:36,0
DA:40,0
DA:41,0
DA:42,0
DA:43,0
DA:44,0
DA:45,0
DA:46,0
DA:47,0
DA:50,0
DA:51,0
DA:59,0
DA:60,0
DA:62,0
DA:63,0
DA:64,0
DA:65,0
DA:66,0
DA:70,0
DA:72,0
DA:73,0
DA:74,0
DA:75,0
DA:76,0
LF:36
LH:0
BRDA:44,0,0,0
BRDA:50,1,0,0
BRDA:72,2,0,0
BRDA:73,3,0,0
BRDA:74,4,0,0
BRDA:75,5,0,0
BRDA:76,6,0,0
BRDA:62,7,0,0
BRDA:63,8,0,0
BRDA:64,9,0,0
BRDA:65,10,0,0
BRDA:66,11,0,0
BRDA:41,12,0,0
BRDA:41,12,1,0
BRDA:59,13,0,0
BRDA:8,14,0,0
BRDA:9,15,0,0
BRDA:10,16,0,0
BRDA:35,17,0,0
BRDA:35,17,1,0
BRF:20
BRH:0
end_of_record
TN:
SF:src\lib\components\task\TaskView.svelte
FNF:0
FNH:0
DA:2,0
DA:3,0
DA:4,0
DA:7,0
DA:8,0
DA:9,0
DA:10,0
LF:7
LH:0
BRDA:8,0,0,0
BRDA:9,1,0,0
BRDA:10,2,0,0
BRF:3
BRH:0
end_of_record
TN:
SF:src\lib\components\task\Todo.svelte
FN:39,(anonymous_8)
FN:42,(anonymous_20)
FNF:2
FNH:0
FNDA:0,(anonymous_8)
FNDA:0,(anonymous_20)
DA:3,0
DA:4,0
DA:8,0
DA:9,0
DA:14,0
DA:15,0
DA:19,0
DA:20,0
DA:22,0
DA:25,0
DA:28,0
DA:34,0
DA:38,0
DA:39,0
DA:40,0
DA:41,0
DA:42,0
DA:44,0
LF:18
LH:0
BRDA:41,0,0,0
BRDA:41,0,1,0
BRDA:44,1,0,0
BRDA:44,2,0,0
BRDA:44,2,1,0
BRDA:41,3,0,0
BRDA:41,3,1,0
BRDA:25,4,0,0
BRDA:25,4,1,0
BRDA:27,5,0,0
BRDA:27,5,1,0
BRF:11
BRH:0
end_of_record
TN:
SF:src\lib\services\authService.js
FNF:0
FNH:0
LF:0
LH:0
BRF:0
BRH:0
end_of_record
TN:
SF:src\lib\services\journalService.js
FNF:0
FNH:0
LF:0
LH:0
BRF:0
BRH:0
end_of_record
TN:
SF:src\lib\services\taskService.js
FNF:0
FNH:0
LF:0
LH:0
BRF:0
BRH:0
end_of_record
TN:
SF:src\lib\utils\validation.js
FNF:0
FNH:0
LF:0
LH:0
BRF:0
BRH:0
end_of_record
TN:
SF:src\routes\+layout.svelte
FNF:0
FNH:0
DA:10,0
DA:11,0
DA:12,0
DA:42,0
DA:45,0
DA:46,0
DA:47,0
DA:51,0
DA:52,0
DA:55,0
DA:61,0
DA:67,0
DA:68,0
DA:69,0
DA:70,0
DA:71,0
DA:77,0
DA:81,0
DA:82,0
DA:85,0
DA:91,0
DA:96,0
DA:97,0
DA:98,0
DA:99,0
DA:108,0
DA:117,0
DA:126,0
DA:135,0
DA:143,0
DA:151,0
DA:160,0
LF:32
LH:0
BRDA:98,0,0,0
BRDA:98,0,1,0
BRF:2
BRH:0
end_of_record
TN:
SF:src\routes\+page.svelte
FNF:0
FNH:0
DA:14,0
DA:18,0
DA:21,0
DA:22,0
DA:25,0
DA:28,0
DA:29,0
DA:44,0
DA:45,0
DA:47,0
DA:48,0
DA:49,0
DA:52,0
DA:53,0
DA:58,0
DA:59,0
DA:65,0
DA:66,0
DA:67,0
DA:68,0
DA:69,0
DA:72,0
DA:73,0
LF:23
LH:0
BRDA:53,0,0,0
BRDA:49,1,0,0
BRDA:47,2,0,0
BRDA:59,3,0,0
BRDA:59,4,0,0
BRDA:59,4,1,0
BRDA:59,5,0,0
BRDA:59,5,1,0
BRDA:59,6,0,0
BRDA:59,6,1,0
BRDA:59,6,2,0
BRDA:59,7,0,0
BRDA:59,7,1,0
BRDA:59,7,2,0
BRDA:69,8,0,0
BRF:15
BRH:0
end_of_record
TN:
SF:src\routes\(auth)\login\+page.svelte
FNF:0
FNH:0
DA:8,0
DA:9,0
DA:11,0
DA:14,0
DA:16,0
DA:18,0
DA:22,0
DA:26,0
DA:27,0
DA:31,0
DA:32,0
DA:35,0
DA:36,0
DA:37,0
DA:38,0
DA:46,0
LF:16
LH:0
BRDA:46,0,0,0
BRDA:46,1,0,0
BRDA:46,1,1,0
BRF:3
BRH:0
end_of_record
TN:
SF:src\routes\(auth)\register\+page.svelte
FNF:0
FNH:0
DA:7,0
DA:8,0
DA:9,0
DA:10,0
DA:11,0
DA:15,0
DA:16,0
DA:21,0
DA:25,0
DA:27,0
DA:30,0
DA:37,0
DA:41,0
DA:42,0
DA:45,0
DA:46,0
DA:50,0
DA:51,0
DA:53,0
DA:54,0
DA:56,0
LF:21
LH:0
BRDA:54,0,0,0
BRDA:53,1,0,0
BRDA:53,1,1,0
BRF:3
BRH:0
end_of_record
TN:
SF:src\routes\(auth)\welcome\+page.svelte
FNF:0
FNH:0
DA:7,0
DA:8,0
DA:12,0
DA:13,0
DA:17,0
DA:18,0
DA:20,0
DA:21,0
LF:8
LH:0
BRDA:21,0,0,0
BRF:1
BRH:0
end_of_record
TN:
SF:src\routes\advice\+page.svelte
FNF:0
FNH:0
DA:5,0
DA:6,0
DA:7,0
LF:3
LH:0
BRF:0
BRH:0
end_of_record
TN:
SF:src\routes\calendar\+page.svelte
FNF:0
FNH:0
DA:4,0
DA:8,0
DA:10,0
DA:11,0
LF:4
LH:0
BRDA:11,0,0,0
BRDA:11,0,1,0
BRDA:11,0,2,0
BRDA:4,1,0,0
BRDA:4,1,1,0
BRF:5
BRH:0
end_of_record
TN:
SF:src\routes\journal\+page.svelte
FNF:0
FNH:0
DA:10,0
DA:13,0
DA:17,0
DA:22,0
DA:24,0
DA:25,0
DA:26,0
DA:27,0
DA:28,0
DA:29,0
DA:30,0
DA:34,0
DA:35,0
DA:36,0
DA:37,0
DA:46,0
LF:16
LH:0
BRDA:37,0,0,0
BRDA:30,1,0,0
BRDA:25,2,0,0
BRDA:24,3,0,0
BRDA:24,3,1,0
BRDA:24,4,0,0
BRDA:24,4,1,0
BRDA:24,4,2,0
BRDA:46,5,0,0
BRF:9
BRH:0
end_of_record
TN:
SF:src\routes\journal\[id]\+page.js
FN:1,(anonymous_0)
FNF:1
FNH:0
FNDA:0,(anonymous_0)
DA:1,0
DA:3,0
LF:2
LH:0
BRF:0
BRH:0
end_of_record
TN:
SF:src\routes\journal\[id]\+page.svelte
FN:19,(anonymous_55)
FNF:1
FNH:0
FNDA:0,(anonymous_55)
DA:11,0
DA:14,0
DA:16,0
DA:19,0
DA:22,0
DA:26,0
DA:27,0
DA:28,0
DA:29,0
DA:30,0
DA:32,0
DA:33,0
DA:34,0
DA:35,0
DA:39,0
DA:40,0
DA:41,0
DA:42,0
DA:48,0
DA:49,0
DA:51,0
LF:21
LH:0
BRDA:42,0,0,0
BRDA:35,1,0,0
BRDA:30,2,0,0
BRDA:28,3,0,0
BRDA:48,4,0,0
BRDA:27,5,0,0
BRDA:27,5,1,0
BRDA:27,6,0,0
BRDA:27,6,1,0
BRDA:27,6,2,0
BRDA:19,7,0,0
BRDA:19,7,1,0
BRF:12
BRH:0
end_of_record
TN:
SF:src\routes\mood\+page.svelte
FNF:0
FNH:0
DA:6,0
DA:9,0
DA:13,0
DA:14,0
LF:4
LH:0
BRF:0
BRH:0
end_of_record
TN:
SF:src\routes\mood\Tired\+page.svelte
FN:138,(anonymous_31)
FNF:1
FNH:0
FNDA:0,(anonymous_31)
DA:101,0
DA:104,0
DA:108,0
DA:110,0
DA:111,0
DA:112,0
DA:116,0
DA:118,0
DA:119,0
DA:120,0
DA:121,0
DA:122,0
DA:124,0
DA:125,0
DA:126,0
DA:133,0
DA:134,0
DA:135,0
DA:136,0
DA:137,0
DA:138,0
DA:139,0
DA:141,0
DA:142,0
DA:143,0
DA:153,0
DA:154,0
DA:157,0
LF:28
LH:0
BRDA:122,0,0,0
BRDA:141,1,0,0
BRDA:141,1,1,0
BRDA:104,2,0,0
BRDA:104,2,1,0
BRF:5
BRH:0
end_of_record
TN:
SF:src\routes\mood\anxious\+page.svelte
FN:137,(anonymous_26)
FNF:1
FNH:0
FNDA:0,(anonymous_26)
DA:115,0
DA:118,0
DA:122,0
DA:123,0
DA:125,0
DA:126,0
DA:127,0
DA:131,0
DA:133,0
DA:134,0
DA:135,0
DA:136,0
DA:137,0
DA:138,0
DA:139,0
DA:141,0
DA:142,0
DA:143,0
LF:18
LH:0
BRDA:141,0,0,0
BRDA:141,0,1,0
BRDA:118,1,0,0
BRDA:118,1,1,0
BRF:4
BRH:0
end_of_record
TN:
SF:src\routes\mood\breathingExercise\+page.svelte
FN:69,(anonymous_26)
FNF:1
FNH:0
FNDA:0,(anonymous_26)
DA:46,0
DA:49,0
DA:53,0
DA:54,0
DA:56,0
DA:57,0
DA:58,0
DA:62,0
DA:64,0
DA:65,0
DA:66,0
DA:67,0
DA:68,0
DA:69,0
DA:70,0
DA:72,0
DA:73,0
DA:74,0
LF:18
LH:0
BRDA:72,0,0,0
BRDA:72,0,1,0
BRDA:49,1,0,0
BRDA:49,1,1,0
BRF:4
BRH:0
end_of_record
TN:
SF:src\routes\mood\calm\+page.svelte
FN:130,(anonymous_26)
FNF:1
FNH:0
FNDA:0,(anonymous_26)
DA:105,0
DA:108,0
DA:112,0
DA:116,0
DA:118,0
DA:119,0
DA:120,0
DA:124,0
DA:126,0
DA:127,0
DA:128,0
DA:129,0
DA:130,0
DA:131,0
DA:132,0
DA:134,0
DA:135,0
DA:136,0
LF:18
LH:0
BRDA:134,0,0,0
BRDA:134,0,1,0
BRDA:108,1,0,0
BRDA:108,1,1,0
BRF:4
BRH:0
end_of_record
TN:
SF:src\routes\mood\confused\+page.svelte
FN:153,(anonymous_26)
FNF:1
FNH:0
FNDA:0,(anonymous_26)
DA:128,0
DA:131,0
DA:135,0
DA:139,0
DA:141,0
DA:142,0
DA:143,0
DA:147,0
DA:149,0
DA:150,0
DA:151,0
DA:152,0
DA:153,0
DA:154,0
DA:155,0
DA:157,0
DA:158,0
DA:159,0
LF:18
LH:0
BRDA:157,0,0,0
BRDA:157,0,1,0
BRDA:131,1,0,0
BRDA:131,1,1,0
BRF:4
BRH:0
end_of_record
TN:
SF:src\routes\mood\content\+page.svelte
FN:150,(anonymous_26)
FNF:1
FNH:0
FNDA:0,(anonymous_26)
DA:127,0
DA:130,0
DA:134,0
DA:135,0
DA:137,0
DA:138,0
DA:139,0
DA:143,0
DA:145,0
DA:146,0
DA:147,0
DA:148,0
DA:149,0
DA:150,0
DA:151,0
DA:153,0
DA:154,0
DA:155,0
LF:18
LH:0
BRDA:153,0,0,0
BRDA:153,0,1,0
BRDA:130,1,0,0
BRDA:130,1,1,0
BRF:4
BRH:0
end_of_record
TN:
SF:src\routes\mood\depressed\+page.svelte
FN:149,(anonymous_26)
FNF:1
FNH:0
FNDA:0,(anonymous_26)
DA:127,0
DA:130,0
DA:134,0
DA:135,0
DA:137,0
DA:138,0
DA:139,0
DA:143,0
DA:145,0
DA:146,0
DA:147,0
DA:148,0
DA:149,0
DA:150,0
DA:151,0
DA:153,0
DA:154,0
DA:155,0
LF:18
LH:0
BRDA:153,0,0,0
BRDA:153,0,1,0
BRDA:130,1,0,0
BRDA:130,1,1,0
BRF:4
BRH:0
end_of_record
TN:
SF:src\routes\mood\energetic\+page.svelte
FN:123,(anonymous_26)
FNF:1
FNH:0
FNDA:0,(anonymous_26)
DA:98,0
DA:101,0
DA:105,0
DA:109,0
DA:111,0
DA:112,0
DA:113,0
DA:117,0
DA:119,0
DA:120,0
DA:121,0
DA:122,0
DA:123,0
DA:124,0
DA:125,0
DA:127,0
DA:128,0
DA:129,0
LF:18
LH:0
BRDA:127,0,0,0
BRDA:127,0,1,0
BRDA:101,1,0,0
BRDA:101,1,1,0
BRF:4
BRH:0
end_of_record
TN:
SF:src\routes\mood\excited\+page.svelte
FN:131,(anonymous_26)
FNF:1
FNH:0
FNDA:0,(anonymous_26)
DA:109,0
DA:112,0
DA:116,0
DA:117,0
DA:119,0
DA:120,0
DA:121,0
DA:125,0
DA:127,0
DA:128,0
DA:129,0
DA:130,0
DA:131,0
DA:132,0
DA:133,0
DA:135,0
DA:136,0
DA:137,0
LF:18
LH:0
BRDA:135,0,0,0
BRDA:135,0,1,0
BRDA:112,1,0,0
BRDA:112,1,1,0
BRF:4
BRH:0
end_of_record
TN:
SF:src\routes\mood\frustrated\+page.svelte
FN:153,(anonymous_26)
FNF:1
FNH:0
FNDA:0,(anonymous_26)
DA:128,0
DA:131,0
DA:135,0
DA:139,0
DA:141,0
DA:142,0
DA:143,0
DA:147,0
DA:149,0
DA:150,0
DA:151,0
DA:152,0
DA:153,0
DA:154,0
DA:155,0
DA:157,0
DA:158,0
DA:159,0
LF:18
LH:0
BRDA:157,0,0,0
BRDA:157,0,1,0
BRDA:131,1,0,0
BRDA:131,1,1,0
BRF:4
BRH:0
end_of_record
TN:
SF:src\routes\mood\happy\+page.svelte
FN:102,(anonymous_26)
FNF:1
FNH:0
FNDA:0,(anonymous_26)
DA:80,0
DA:83,0
DA:87,0
DA:88,0
DA:90,0
DA:91,0
DA:92,0
DA:96,0
DA:98,0
DA:99,0
DA:100,0
DA:101,0
DA:102,0
DA:103,0
DA:104,0
DA:106,0
DA:107,0
DA:108,0
LF:18
LH:0
BRDA:106,0,0,0
BRDA:106,0,1,0
BRDA:83,1,0,0
BRDA:83,1,1,0
BRF:4
BRH:0
end_of_record
TN:
SF:src\routes\mood\history\+page.svelte
FN:535,(anonymous_31)
FN:542,(anonymous_35)
FN:548,(anonymous_37)
FN:563,(anonymous_39)
FN:566,(anonymous_40)
FNF:5
FNH:0
FNDA:0,(anonymous_31)
FNDA:0,(anonymous_35)
FNDA:0,(anonymous_37)
FNDA:0,(anonymous_39)
FNDA:0,(anonymous_40)
DA:519,0
DA:520,0
DA:521,0
DA:525,0
DA:526,0
DA:528,0
DA:529,0
DA:534,0
DA:535,0
DA:536,0
DA:542,0
DA:548,0
DA:558,0
DA:559,0
DA:560,0
DA:561,0
DA:562,0
DA:563,0
DA:564,0
DA:565,0
DA:566,0
DA:567,0
DA:568,0
DA:569,0
LF:24
LH:0
BRDA:569,0,0,0
BRDA:569,1,0,0
BRDA:569,1,1,0
BRDA:568,2,0,0
BRDA:568,2,1,0
BRDA:567,3,0,0
BRDA:567,4,0,0
BRDA:567,4,1,0
BRDA:564,5,0,0
BRDA:564,5,1,0
BRDA:563,6,0,0
BRDA:563,7,0,0
BRDA:563,7,1,0
BRDA:524,8,0,0
BRDA:524,8,1,0
BRF:15
BRH:0
end_of_record
TN:
SF:src\routes\mood\lonely\+page.svelte
FN:154,(anonymous_26)
FNF:1
FNH:0
FNDA:0,(anonymous_26)
DA:128,0
DA:131,0
DA:135,0
DA:139,0
DA:141,0
DA:142,0
DA:143,0
DA:147,0
DA:149,0
DA:150,0
DA:151,0
DA:152,0
DA:153,0
DA:154,0
DA:155,0
DA:157,0
DA:158,0
DA:159,0
LF:18
LH:0
BRDA:157,0,0,0
BRDA:157,0,1,0
BRDA:131,1,0,0
BRDA:131,1,1,0
BRF:4
BRH:0
end_of_record
TN:
SF:src\routes\mood\loved\+page.svelte
FN:153,(anonymous_26)
FNF:1
FNH:0
FNDA:0,(anonymous_26)
DA:128,0
DA:131,0
DA:135,0
DA:139,0
DA:141,0
DA:142,0
DA:143,0
DA:147,0
DA:149,0
DA:150,0
DA:151,0
DA:152,0
DA:153,0
DA:154,0
DA:155,0
DA:157,0
DA:158,0
DA:159,0
LF:18
LH:0
BRDA:157,0,0,0
BRDA:157,0,1,0
BRDA:131,1,0,0
BRDA:131,1,1,0
BRF:4
BRH:0
end_of_record
TN:
SF:src\routes\mood\meditation\+page.svelte
FN:179,(anonymous_26)
FNF:1
FNH:0
FNDA:0,(anonymous_26)
DA:156,0
DA:159,0
DA:163,0
DA:164,0
DA:166,0
DA:167,0
DA:168,0
DA:172,0
DA:174,0
DA:175,0
DA:176,0
DA:177,0
DA:178,0
DA:179,0
DA:180,0
DA:182,0
DA:183,0
DA:184,0
LF:18
LH:0
BRDA:182,0,0,0
BRDA:182,0,1,0
BRDA:159,1,0,0
BRDA:159,1,1,0
BRF:4
BRH:0
end_of_record
TN:
SF:src\routes\mood\nuetral\+page.svelte
FN:139,(anonymous_26)
FNF:1
FNH:0
FNDA:0,(anonymous_26)
DA:114,0
DA:117,0
DA:121,0
DA:125,0
DA:127,0
DA:128,0
DA:129,0
DA:133,0
DA:135,0
DA:136,0
DA:137,0
DA:138,0
DA:139,0
DA:140,0
DA:142,0
DA:143,0
DA:144,0
LF:17
LH:0
BRDA:142,0,0,0
BRDA:142,0,1,0
BRDA:117,1,0,0
BRDA:117,1,1,0
BRF:4
BRH:0
end_of_record
TN:
SF:src\routes\mood\sad\+page.svelte
FN:108,(anonymous_26)
FNF:1
FNH:0
FNDA:0,(anonymous_26)
DA:86,0
DA:89,0
DA:93,0
DA:94,0
DA:96,0
DA:97,0
DA:98,0
DA:102,0
DA:104,0
DA:105,0
DA:106,0
DA:107,0
DA:108,0
DA:109,0
DA:110,0
DA:112,0
DA:113,0
DA:114,0
LF:18
LH:0
BRDA:112,0,0,0
BRDA:112,0,1,0
BRDA:89,1,0,0
BRDA:89,1,1,0
BRF:4
BRH:0
end_of_record
TN:
SF:src\routes\mood\side\+page.svelte
FNF:0
FNH:0
DA:1,0
DA:2,0
DA:3,0
DA:4,0
DA:5,0
LF:5
LH:0
BRF:0
BRH:0
end_of_record
TN:
SF:src\routes\mood\stressed\+page.svelte
FN:102,(anonymous_26)
FNF:1
FNH:0
FNDA:0,(anonymous_26)
DA:79,0
DA:82,0
DA:86,0
DA:87,0
DA:89,0
DA:90,0
DA:91,0
DA:95,0
DA:97,0
DA:98,0
DA:99,0
DA:100,0
DA:101,0
DA:102,0
DA:103,0
DA:105,0
DA:106,0
DA:107,0
LF:18
LH:0
BRDA:105,0,0,0
BRDA:105,0,1,0
BRDA:82,1,0,0
BRDA:82,1,1,0
BRF:4
BRH:0
end_of_record
TN:
SF:src\routes\mood\upset\+page.svelte
FN:110,(anonymous_26)
FNF:1
FNH:0
FNDA:0,(anonymous_26)
DA:87,0
DA:90,0
DA:94,0
DA:95,0
DA:97,0
DA:98,0
DA:99,0
DA:103,0
DA:105,0
DA:106,0
DA:107,0
DA:108,0
DA:109,0
DA:110,0
DA:111,0
DA:113,0
DA:114,0
DA:115,0
LF:18
LH:0
BRDA:113,0,0,0
BRDA:113,0,1,0
BRDA:90,1,0,0
BRDA:90,1,1,0
BRF:4
BRH:0
end_of_record
TN:
SF:src\routes\mood\yoga\+page.svelte
FNF:0
FNH:0
DA:20,0
DA:22,0
DA:23,0
DA:24,0
DA:28,0
DA:30,0
DA:31,0
DA:32,0
DA:33,0
DA:34,0
DA:36,0
DA:37,0
DA:38,0
DA:45,0
DA:46,0
DA:47,0
DA:48,0
DA:49,0
DA:50,0
DA:51,0
DA:58,0
DA:65,0
DA:68,0
DA:69,0
DA:70,0
DA:77,0
DA:84,0
DA:87,0
DA:88,0
DA:89,0
DA:96,0
DA:103,0
DA:106,0
DA:107,0
DA:108,0
DA:115,0
DA:122,0
DA:125,0
DA:126,0
DA:127,0
DA:134,0
DA:141,0
DA:151,0
DA:152,0
LF:44
LH:0
BRDA:34,0,0,0
BRF:1
BRH:0
end_of_record
TN:
SF:src\routes\profile\+page.svelte
FNF:0
FNH:0
DA:22,0
LF:1
LH:0
BRF:0
BRH:0
end_of_record
TN:
SF:src\routes\task\+page.svelte
FNF:0
FNH:0
DA:12,0
DA:15,0
DA:18,0
DA:22,0
DA:23,0
DA:25,0
DA:26,0
DA:27,0
DA:31,0
DA:32,0
DA:33,0
DA:34,0
DA:38,0
DA:39,0
DA:40,0
DA:41,0
DA:47,0
DA:48,0
LF:18
LH:0
BRDA:41,0,0,0
BRDA:34,1,0,0
BRDA:26,2,0,0
BRDA:25,3,0,0
BRDA:25,3,1,0
BRDA:25,4,0,0
BRDA:25,4,1,0
BRDA:25,4,2,0
BRDA:48,5,0,0
BRF:9
BRH:0
end_of_record
TN:
SF:src\stores\journalStore.js
FNF:0
FNH:0
LF:0
LH:0
BRF:0
BRH:0
end_of_record
TN:
SF:src\stores\taskManager.js
FN:4,checkForReminders
FNF:1
FNH:0
FNDA:0,checkForReminders
DA:2,0
LF:1
LH:0
BRF:0
BRH:0
end_of_record
TN:
SF:src\stores\themeStore.js
FN:3,createThemeStore
FN:10,updateTheme
FN:26,(anonymous_2)
FNF:3
FNH:0
FNDA:0,createThemeStore
FNDA:0,updateTheme
FNDA:0,(anonymous_2)
DA:4,0
DA:7,0
DA:8,0
DA:11,0
DA:12,0
DA:13,0
DA:14,0
DA:19,0
DA:20,0
DA:23,0
DA:26,0
DA:30,0
LF:12
LH:0
BRDA:7,0,0,0
BRDA:7,0,1,0
BRDA:7,1,0,0
BRDA:7,1,1,0
BRDA:12,2,0,0
BRDA:12,2,1,0
BRDA:19,3,0,0
BRDA:19,3,1,0
BRDA:26,4,0,0
BRDA:26,4,1,0
BRF:10
BRH:0
end_of_record
