{"C:\\Users\\mauri\\OneDrive\\Documents\\Second-year-Github-projects\\Care-Bear\\care-bear\\src\\chart.svelte": {"path":"C:\\Users\\mauri\\OneDrive\\Documents\\Second-year-Github-projects\\Care-Bear\\care-bear\\src\\chart.svelte","statementMap":{"0":{"start":{"line":87,"column":0},"end":{"line":87,"column":null}},"1":{"start":{"line":8,"column":27},"end":{"line":8,"column":69}},"2":{"start":{"line":9,"column":30},"end":{"line":9,"column":240}},"3":{"start":{"line":10,"column":20},"end":{"line":10,"column":null}},"4":{"start":{"line":21,"column":20},"end":{"line":21,"column":null}},"5":{"start":{"line":24,"column":18},"end":{"line":24,"column":null}},"6":{"start":{"line":25,"column":8},"end":{"line":25,"column":null}},"7":{"start":{"line":27,"column":8},"end":{"line":27,"column":null}},"8":{"start":{"line":33,"column":21},"end":{"line":33,"column":null}},"9":{"start":{"line":33,"column":39},"end":{"line":33,"column":49}},"10":{"start":{"line":34,"column":26},"end":{"line":34,"column":null}},"11":{"start":{"line":34,"column":44},"end":{"line":34,"column":55}},"12":{"start":{"line":37,"column":8},"end":{"line":37,"column":null}},"13":{"start":{"line":38,"column":8},"end":{"line":38,"column":null}},"14":{"start":{"line":39,"column":8},"end":{"line":39,"column":null}},"15":{"start":{"line":44,"column":18},"end":{"line":44,"column":null}},"16":{"start":{"line":69,"column":25},"end":{"line":69,"column":null}},"17":{"start":{"line":77,"column":6},"end":{"line":77,"column":null}},"18":{"start":{"line":81,"column":6},"end":{"line":81,"column":null}},"19":{"start":{"line":82,"column":6},"end":{"line":82,"column":null}}},"fnMap":{"0":{"name":"(anonymous_8)","decl":{"start":{"line":33,"column":30},"end":{"line":33,"column":35}},"loc":{"start":{"line":33,"column":39},"end":{"line":33,"column":49}}},"1":{"name":"(anonymous_9)","decl":{"start":{"line":34,"column":35},"end":{"line":34,"column":40}},"loc":{"start":{"line":34,"column":44},"end":{"line":34,"column":55}}}},"branchMap":{},"s":{"0":0,"1":0,"2":0,"3":0,"4":0,"5":0,"6":0,"7":0,"8":0,"9":0,"10":0,"11":0,"12":0,"13":0,"14":0,"15":0,"16":0,"17":0,"18":0,"19":0},"f":{"0":0,"1":0},"b":{}}
,"C:\\Users\\mauri\\OneDrive\\Documents\\Second-year-Github-projects\\Care-Bear\\care-bear\\src\\databaseSeed\\seed.js": {"path":"C:\\Users\\mauri\\OneDrive\\Documents\\Second-year-Github-projects\\Care-Bear\\care-bear\\src\\databaseSeed\\seed.js","statementMap":{"0":{"start":{"line":3,"column":20},"end":{"line":3,"column":62}},"1":{"start":{"line":4,"column":20},"end":{"line":4,"column":230}},"2":{"start":{"line":6,"column":17},"end":{"line":6,"column":55}},"3":{"start":{"line":9,"column":4},"end":{"line":27,"column":7}},"4":{"start":{"line":11,"column":26},"end":{"line":16,"column":9}},"5":{"start":{"line":17,"column":32},"end":{"line":17,"column":77}},"6":{"start":{"line":19,"column":8},"end":{"line":22,"column":9}},"7":{"start":{"line":20,"column":10},"end":{"line":20,"column":63}},"8":{"start":{"line":21,"column":10},"end":{"line":21,"column":17}},"9":{"start":{"line":24,"column":8},"end":{"line":24,"column":56}},"10":{"start":{"line":26,"column":8},"end":{"line":26,"column":61}},"11":{"start":{"line":31,"column":4},"end":{"line":49,"column":7}},"12":{"start":{"line":33,"column":28},"end":{"line":38,"column":9}},"13":{"start":{"line":39,"column":32},"end":{"line":39,"column":82}},"14":{"start":{"line":41,"column":8},"end":{"line":44,"column":9}},"15":{"start":{"line":42,"column":10},"end":{"line":42,"column":66}},"16":{"start":{"line":43,"column":10},"end":{"line":43,"column":17}},"17":{"start":{"line":46,"column":8},"end":{"line":46,"column":59}},"18":{"start":{"line":48,"column":8},"end":{"line":48,"column":64}},"19":{"start":{"line":53,"column":4},"end":{"line":70,"column":7}},"20":{"start":{"line":55,"column":33},"end":{"line":59,"column":9}},"21":{"start":{"line":60,"column":32},"end":{"line":60,"column":93}},"22":{"start":{"line":62,"column":8},"end":{"line":65,"column":9}},"23":{"start":{"line":63,"column":10},"end":{"line":63,"column":65}},"24":{"start":{"line":64,"column":10},"end":{"line":64,"column":17}},"25":{"start":{"line":67,"column":8},"end":{"line":67,"column":58}},"26":{"start":{"line":69,"column":8},"end":{"line":69,"column":63}},"27":{"start":{"line":73,"column":0},"end":{"line":73,"column":12}},"28":{"start":{"line":74,"column":0},"end":{"line":74,"column":14}},"29":{"start":{"line":75,"column":0},"end":{"line":75,"column":21}}},"fnMap":{"0":{"name":"seedTasks","decl":{"start":{"line":8,"column":15},"end":{"line":8,"column":24}},"loc":{"start":{"line":8,"column":27},"end":{"line":28,"column":1}},"line":8},"1":{"name":"seedJournal","decl":{"start":{"line":30,"column":15},"end":{"line":30,"column":26}},"loc":{"start":{"line":30,"column":29},"end":{"line":50,"column":1}},"line":30},"2":{"name":"seedJournalEntries","decl":{"start":{"line":52,"column":15},"end":{"line":52,"column":33}},"loc":{"start":{"line":52,"column":36},"end":{"line":71,"column":1}},"line":52}},"branchMap":{"0":{"loc":{"start":{"line":19,"column":8},"end":{"line":22,"column":9}},"type":"if","locations":[{"start":{"line":19,"column":8},"end":{"line":22,"column":9}},{"start":{},"end":{}}],"line":19},"1":{"loc":{"start":{"line":41,"column":8},"end":{"line":44,"column":9}},"type":"if","locations":[{"start":{"line":41,"column":8},"end":{"line":44,"column":9}},{"start":{},"end":{}}],"line":41},"2":{"loc":{"start":{"line":62,"column":8},"end":{"line":65,"column":9}},"type":"if","locations":[{"start":{"line":62,"column":8},"end":{"line":65,"column":9}},{"start":{},"end":{}}],"line":62}},"s":{"0":0,"1":0,"2":0,"3":0,"4":0,"5":0,"6":0,"7":0,"8":0,"9":0,"10":0,"11":0,"12":0,"13":0,"14":0,"15":0,"16":0,"17":0,"18":0,"19":0,"20":0,"21":0,"22":0,"23":0,"24":0,"25":0,"26":0,"27":0,"28":0,"29":0},"f":{"0":0,"1":0,"2":0},"b":{"0":[0,0],"1":[0,0],"2":[0,0]}}
,"C:\\Users\\mauri\\OneDrive\\Documents\\Second-year-Github-projects\\Care-Bear\\care-bear\\src\\lib\\auth.js": {"path":"C:\\Users\\mauri\\OneDrive\\Documents\\Second-year-Github-projects\\Care-Bear\\care-bear\\src\\lib\\auth.js","statementMap":{"0":{"start":{"line":6,"column":25},"end":{"line":9,"column":3}},"1":{"start":{"line":11,"column":1},"end":{"line":13,"column":2}},"2":{"start":{"line":12,"column":2},"end":{"line":12,"column":24}},"3":{"start":{"line":15,"column":1},"end":{"line":18,"column":2}},"4":{"start":{"line":16,"column":2},"end":{"line":16,"column":44}},"5":{"start":{"line":17,"column":2},"end":{"line":17,"column":15}},"6":{"start":{"line":22,"column":25},"end":{"line":25,"column":3}},"7":{"start":{"line":27,"column":1},"end":{"line":30,"column":2}},"8":{"start":{"line":29,"column":2},"end":{"line":29,"column":24}},"9":{"start":{"line":32,"column":1},"end":{"line":35,"column":2}},"10":{"start":{"line":33,"column":2},"end":{"line":33,"column":44}},"11":{"start":{"line":34,"column":2},"end":{"line":34,"column":15}},"12":{"start":{"line":36,"column":1},"end":{"line":36,"column":13}},"13":{"start":{"line":40,"column":1},"end":{"line":40,"column":15}},"14":{"start":{"line":41,"column":1},"end":{"line":41,"column":25}}},"fnMap":{"0":{"name":"registerUser","decl":{"start":{"line":5,"column":15},"end":{"line":5,"column":27}},"loc":{"start":{"line":5,"column":45},"end":{"line":19,"column":1}},"line":5},"1":{"name":"loginUser","decl":{"start":{"line":21,"column":15},"end":{"line":21,"column":24}},"loc":{"start":{"line":21,"column":42},"end":{"line":37,"column":1}},"line":21},"2":{"name":"logOut","decl":{"start":{"line":39,"column":9},"end":{"line":39,"column":15}},"loc":{"start":{"line":39,"column":18},"end":{"line":42,"column":1}},"line":39}},"branchMap":{"0":{"loc":{"start":{"line":11,"column":1},"end":{"line":13,"column":2}},"type":"if","locations":[{"start":{"line":11,"column":1},"end":{"line":13,"column":2}},{"start":{},"end":{}}],"line":11},"1":{"loc":{"start":{"line":11,"column":5},"end":{"line":11,"column":19}},"type":"binary-expr","locations":[{"start":{"line":11,"column":5},"end":{"line":11,"column":11}},{"start":{"line":11,"column":15},"end":{"line":11,"column":19}}],"line":11},"2":{"loc":{"start":{"line":15,"column":1},"end":{"line":18,"column":2}},"type":"if","locations":[{"start":{"line":15,"column":1},"end":{"line":18,"column":2}},{"start":{},"end":{}}],"line":15},"3":{"loc":{"start":{"line":27,"column":1},"end":{"line":30,"column":2}},"type":"if","locations":[{"start":{"line":27,"column":1},"end":{"line":30,"column":2}},{"start":{},"end":{}}],"line":27},"4":{"loc":{"start":{"line":27,"column":5},"end":{"line":27,"column":19}},"type":"binary-expr","locations":[{"start":{"line":27,"column":5},"end":{"line":27,"column":11}},{"start":{"line":27,"column":15},"end":{"line":27,"column":19}}],"line":27},"5":{"loc":{"start":{"line":32,"column":1},"end":{"line":35,"column":2}},"type":"if","locations":[{"start":{"line":32,"column":1},"end":{"line":35,"column":2}},{"start":{},"end":{}}],"line":32}},"s":{"0":0,"1":0,"2":0,"3":0,"4":0,"5":0,"6":0,"7":0,"8":0,"9":0,"10":0,"11":0,"12":0,"13":0,"14":0},"f":{"0":0,"1":0,"2":0},"b":{"0":[0,0],"1":[0,0],"2":[0,0],"3":[0,0],"4":[0,0],"5":[0,0]}}
,"C:\\Users\\mauri\\OneDrive\\Documents\\Second-year-Github-projects\\Care-Bear\\care-bear\\src\\lib\\index.js": {"path":"C:\\Users\\mauri\\OneDrive\\Documents\\Second-year-Github-projects\\Care-Bear\\care-bear\\src\\lib\\index.js","statementMap":{},"fnMap":{},"branchMap":{},"s":{},"f":{},"b":{}}
,"C:\\Users\\mauri\\OneDrive\\Documents\\Second-year-Github-projects\\Care-Bear\\care-bear\\src\\lib\\journalClient.js": {"path":"C:\\Users\\mauri\\OneDrive\\Documents\\Second-year-Github-projects\\Care-Bear\\care-bear\\src\\lib\\journalClient.js","statementMap":{"0":{"start":{"line":6,"column":1},"end":{"line":25,"column":2}},"1":{"start":{"line":8,"column":22},"end":{"line":8,"column":31}},"2":{"start":{"line":11,"column":2},"end":{"line":13,"column":3}},"3":{"start":{"line":12,"column":3},"end":{"line":12,"column":53}},"4":{"start":{"line":16,"column":26},"end":{"line":19,"column":38}},"5":{"start":{"line":20,"column":2},"end":{"line":20,"column":25}},"6":{"start":{"line":20,"column":13},"end":{"line":20,"column":25}},"7":{"start":{"line":21,"column":2},"end":{"line":21,"column":14}},"8":{"start":{"line":23,"column":2},"end":{"line":23,"column":51}},"9":{"start":{"line":24,"column":2},"end":{"line":24,"column":14}},"10":{"start":{"line":29,"column":1},"end":{"line":40,"column":2}},"11":{"start":{"line":30,"column":26},"end":{"line":34,"column":12}},"12":{"start":{"line":35,"column":2},"end":{"line":35,"column":25}},"13":{"start":{"line":35,"column":13},"end":{"line":35,"column":25}},"14":{"start":{"line":36,"column":2},"end":{"line":36,"column":14}},"15":{"start":{"line":38,"column":2},"end":{"line":38,"column":50}},"16":{"start":{"line":39,"column":2},"end":{"line":39,"column":14}},"17":{"start":{"line":44,"column":1},"end":{"line":61,"column":2}},"18":{"start":{"line":45,"column":22},"end":{"line":45,"column":31}},"19":{"start":{"line":46,"column":2},"end":{"line":48,"column":3}},"20":{"start":{"line":47,"column":3},"end":{"line":47,"column":53}},"21":{"start":{"line":51,"column":2},"end":{"line":51,"column":40}},"22":{"start":{"line":53,"column":2},"end":{"line":53,"column":23}},"23":{"start":{"line":55,"column":26},"end":{"line":55,"column":83}},"24":{"start":{"line":56,"column":2},"end":{"line":56,"column":25}},"25":{"start":{"line":56,"column":13},"end":{"line":56,"column":25}},"26":{"start":{"line":57,"column":2},"end":{"line":57,"column":17}},"27":{"start":{"line":59,"column":2},"end":{"line":59,"column":50}},"28":{"start":{"line":60,"column":2},"end":{"line":60,"column":14}},"29":{"start":{"line":65,"column":1},"end":{"line":76,"column":2}},"30":{"start":{"line":66,"column":26},"end":{"line":70,"column":12}},"31":{"start":{"line":71,"column":2},"end":{"line":71,"column":25}},"32":{"start":{"line":71,"column":13},"end":{"line":71,"column":25}},"33":{"start":{"line":72,"column":2},"end":{"line":72,"column":17}},"34":{"start":{"line":74,"column":2},"end":{"line":74,"column":50}},"35":{"start":{"line":75,"column":2},"end":{"line":75,"column":14}},"36":{"start":{"line":80,"column":1},"end":{"line":101,"column":2}},"37":{"start":{"line":82,"column":40},"end":{"line":86,"column":12}},"38":{"start":{"line":87,"column":2},"end":{"line":87,"column":51}},"39":{"start":{"line":87,"column":26},"end":{"line":87,"column":51}},"40":{"start":{"line":90,"column":46},"end":{"line":94,"column":12}},"41":{"start":{"line":95,"column":2},"end":{"line":95,"column":51}},"42":{"start":{"line":95,"column":26},"end":{"line":95,"column":51}},"43":{"start":{"line":97,"column":2},"end":{"line":97,"column":14}},"44":{"start":{"line":99,"column":2},"end":{"line":99,"column":66}},"45":{"start":{"line":100,"column":2},"end":{"line":100,"column":14}},"46":{"start":{"line":105,"column":1},"end":{"line":130,"column":2}},"47":{"start":{"line":108,"column":29},"end":{"line":108,"column":41}},"48":{"start":{"line":110,"column":16},"end":{"line":118,"column":3}},"49":{"start":{"line":120,"column":26},"end":{"line":120,"column":87}},"50":{"start":{"line":122,"column":2},"end":{"line":124,"column":3}},"51":{"start":{"line":123,"column":3},"end":{"line":123,"column":15}},"52":{"start":{"line":126,"column":2},"end":{"line":126,"column":17}},"53":{"start":{"line":128,"column":2},"end":{"line":128,"column":56}},"54":{"start":{"line":129,"column":2},"end":{"line":129,"column":14}},"55":{"start":{"line":134,"column":1},"end":{"line":149,"column":2}},"56":{"start":{"line":135,"column":26},"end":{"line":139,"column":12}},"57":{"start":{"line":141,"column":2},"end":{"line":143,"column":3}},"58":{"start":{"line":142,"column":3},"end":{"line":142,"column":15}},"59":{"start":{"line":145,"column":2},"end":{"line":145,"column":17}},"60":{"start":{"line":147,"column":2},"end":{"line":147,"column":56}},"61":{"start":{"line":148,"column":2},"end":{"line":148,"column":14}},"62":{"start":{"line":154,"column":1},"end":{"line":166,"column":2}},"63":{"start":{"line":156,"column":26},"end":{"line":159,"column":35}},"64":{"start":{"line":160,"column":2},"end":{"line":160,"column":25}},"65":{"start":{"line":160,"column":13},"end":{"line":160,"column":25}},"66":{"start":{"line":162,"column":2},"end":{"line":162,"column":14}},"67":{"start":{"line":164,"column":2},"end":{"line":164,"column":56}},"68":{"start":{"line":165,"column":2},"end":{"line":165,"column":14}}},"fnMap":{"0":{"name":"fetchJournals","decl":{"start":{"line":5,"column":22},"end":{"line":5,"column":35}},"loc":{"start":{"line":5,"column":38},"end":{"line":26,"column":1}},"line":5},"1":{"name":"fetchJournalById","decl":{"start":{"line":28,"column":22},"end":{"line":28,"column":38}},"loc":{"start":{"line":28,"column":50},"end":{"line":41,"column":1}},"line":28},"2":{"name":"createJournal","decl":{"start":{"line":43,"column":22},"end":{"line":43,"column":35}},"loc":{"start":{"line":43,"column":45},"end":{"line":62,"column":1}},"line":43},"3":{"name":"updateJournal","decl":{"start":{"line":64,"column":22},"end":{"line":64,"column":35}},"loc":{"start":{"line":64,"column":62},"end":{"line":77,"column":1}},"line":64},"4":{"name":"deleteJournal","decl":{"start":{"line":79,"column":22},"end":{"line":79,"column":35}},"loc":{"start":{"line":79,"column":47},"end":{"line":102,"column":1}},"line":79},"5":{"name":"createJournalEntry","decl":{"start":{"line":104,"column":22},"end":{"line":104,"column":40}},"loc":{"start":{"line":104,"column":74},"end":{"line":131,"column":1}},"line":104},"6":{"name":"editJournalEntry","decl":{"start":{"line":133,"column":22},"end":{"line":133,"column":38}},"loc":{"start":{"line":133,"column":66},"end":{"line":150,"column":1}},"line":133},"7":{"name":"deleteJournalEntry","decl":{"start":{"line":153,"column":22},"end":{"line":153,"column":40}},"loc":{"start":{"line":153,"column":50},"end":{"line":167,"column":1}},"line":153}},"branchMap":{"0":{"loc":{"start":{"line":11,"column":2},"end":{"line":13,"column":3}},"type":"if","locations":[{"start":{"line":11,"column":2},"end":{"line":13,"column":3}},{"start":{},"end":{}}],"line":11},"1":{"loc":{"start":{"line":11,"column":6},"end":{"line":11,"column":63}},"type":"binary-expr","locations":[{"start":{"line":11,"column":6},"end":{"line":11,"column":18}},{"start":{"line":11,"column":22},"end":{"line":11,"column":39}},{"start":{"line":11,"column":43},"end":{"line":11,"column":63}}],"line":11},"2":{"loc":{"start":{"line":20,"column":2},"end":{"line":20,"column":25}},"type":"if","locations":[{"start":{"line":20,"column":2},"end":{"line":20,"column":25}},{"start":{},"end":{}}],"line":20},"3":{"loc":{"start":{"line":35,"column":2},"end":{"line":35,"column":25}},"type":"if","locations":[{"start":{"line":35,"column":2},"end":{"line":35,"column":25}},{"start":{},"end":{}}],"line":35},"4":{"loc":{"start":{"line":46,"column":2},"end":{"line":48,"column":3}},"type":"if","locations":[{"start":{"line":46,"column":2},"end":{"line":48,"column":3}},{"start":{},"end":{}}],"line":46},"5":{"loc":{"start":{"line":46,"column":6},"end":{"line":46,"column":63}},"type":"binary-expr","locations":[{"start":{"line":46,"column":6},"end":{"line":46,"column":18}},{"start":{"line":46,"column":22},"end":{"line":46,"column":39}},{"start":{"line":46,"column":43},"end":{"line":46,"column":63}}],"line":46},"6":{"loc":{"start":{"line":56,"column":2},"end":{"line":56,"column":25}},"type":"if","locations":[{"start":{"line":56,"column":2},"end":{"line":56,"column":25}},{"start":{},"end":{}}],"line":56},"7":{"loc":{"start":{"line":71,"column":2},"end":{"line":71,"column":25}},"type":"if","locations":[{"start":{"line":71,"column":2},"end":{"line":71,"column":25}},{"start":{},"end":{}}],"line":71},"8":{"loc":{"start":{"line":87,"column":2},"end":{"line":87,"column":51}},"type":"if","locations":[{"start":{"line":87,"column":2},"end":{"line":87,"column":51}},{"start":{},"end":{}}],"line":87},"9":{"loc":{"start":{"line":95,"column":2},"end":{"line":95,"column":51}},"type":"if","locations":[{"start":{"line":95,"column":2},"end":{"line":95,"column":51}},{"start":{},"end":{}}],"line":95},"10":{"loc":{"start":{"line":122,"column":2},"end":{"line":124,"column":3}},"type":"if","locations":[{"start":{"line":122,"column":2},"end":{"line":124,"column":3}},{"start":{},"end":{}}],"line":122},"11":{"loc":{"start":{"line":141,"column":2},"end":{"line":143,"column":3}},"type":"if","locations":[{"start":{"line":141,"column":2},"end":{"line":143,"column":3}},{"start":{},"end":{}}],"line":141},"12":{"loc":{"start":{"line":160,"column":2},"end":{"line":160,"column":25}},"type":"if","locations":[{"start":{"line":160,"column":2},"end":{"line":160,"column":25}},{"start":{},"end":{}}],"line":160}},"s":{"0":0,"1":0,"2":0,"3":0,"4":0,"5":0,"6":0,"7":0,"8":0,"9":0,"10":0,"11":0,"12":0,"13":0,"14":0,"15":0,"16":0,"17":0,"18":0,"19":0,"20":0,"21":0,"22":0,"23":0,"24":0,"25":0,"26":0,"27":0,"28":0,"29":0,"30":0,"31":0,"32":0,"33":0,"34":0,"35":0,"36":0,"37":0,"38":0,"39":0,"40":0,"41":0,"42":0,"43":0,"44":0,"45":0,"46":0,"47":0,"48":0,"49":0,"50":0,"51":0,"52":0,"53":0,"54":0,"55":0,"56":0,"57":0,"58":0,"59":0,"60":0,"61":0,"62":0,"63":0,"64":0,"65":0,"66":0,"67":0,"68":0},"f":{"0":0,"1":0,"2":0,"3":0,"4":0,"5":0,"6":0,"7":0},"b":{"0":[0,0],"1":[0,0,0],"2":[0,0],"3":[0,0],"4":[0,0],"5":[0,0,0],"6":[0,0],"7":[0,0],"8":[0,0],"9":[0,0],"10":[0,0],"11":[0,0],"12":[0,0]}}
,"C:\\Users\\mauri\\OneDrive\\Documents\\Second-year-Github-projects\\Care-Bear\\care-bear\\src\\lib\\journalStore.js": {"path":"C:\\Users\\mauri\\OneDrive\\Documents\\Second-year-Github-projects\\Care-Bear\\care-bear\\src\\lib\\journalStore.js","statementMap":{"0":{"start":{"line":13,"column":17},"end":{"line":13,"column":29}},"1":{"start":{"line":16,"column":1},"end":{"line":21,"column":2}},"2":{"start":{"line":17,"column":25},"end":{"line":17,"column":46}},"3":{"start":{"line":18,"column":2},"end":{"line":18,"column":31}},"4":{"start":{"line":20,"column":2},"end":{"line":20,"column":50}},"5":{"start":{"line":25,"column":1},"end":{"line":35,"column":2}},"6":{"start":{"line":26,"column":21},"end":{"line":26,"column":56}},"7":{"start":{"line":27,"column":2},"end":{"line":32,"column":3}},"8":{"start":{"line":28,"column":30},"end":{"line":28,"column":66}},"9":{"start":{"line":29,"column":3},"end":{"line":29,"column":82}},"10":{"start":{"line":29,"column":40},"end":{"line":29,"column":80}},"11":{"start":{"line":31,"column":3},"end":{"line":31,"column":55}},"12":{"start":{"line":34,"column":2},"end":{"line":34,"column":54}},"13":{"start":{"line":39,"column":1},"end":{"line":48,"column":2}},"14":{"start":{"line":40,"column":25},"end":{"line":40,"column":75}},"15":{"start":{"line":41,"column":2},"end":{"line":45,"column":4}},"16":{"start":{"line":42,"column":3},"end":{"line":44,"column":4}},"17":{"start":{"line":43,"column":4},"end":{"line":43,"column":79}},"18":{"start":{"line":47,"column":2},"end":{"line":47,"column":50}},"19":{"start":{"line":52,"column":1},"end":{"line":59,"column":2}},"20":{"start":{"line":53,"column":2},"end":{"line":53,"column":33}},"21":{"start":{"line":54,"column":2},"end":{"line":56,"column":4}},"22":{"start":{"line":55,"column":3},"end":{"line":55,"column":72}},"23":{"start":{"line":55,"column":39},"end":{"line":55,"column":71}},"24":{"start":{"line":58,"column":2},"end":{"line":58,"column":50}},"25":{"start":{"line":63,"column":1},"end":{"line":79,"column":2}},"26":{"start":{"line":64,"column":2},"end":{"line":66,"column":3}},"27":{"start":{"line":65,"column":3},"end":{"line":65,"column":58}},"28":{"start":{"line":68,"column":19},"end":{"line":68,"column":76}},"29":{"start":{"line":70,"column":2},"end":{"line":76,"column":4}},"30":{"start":{"line":71,"column":3},"end":{"line":75,"column":4}},"31":{"start":{"line":72,"column":4},"end":{"line":74,"column":14}},"32":{"start":{"line":78,"column":2},"end":{"line":78,"column":58}},"33":{"start":{"line":83,"column":1},"end":{"line":99,"column":2}},"34":{"start":{"line":84,"column":23},"end":{"line":84,"column":72}},"35":{"start":{"line":85,"column":2},"end":{"line":96,"column":4}},"36":{"start":{"line":86,"column":3},"end":{"line":95,"column":4}},"37":{"start":{"line":87,"column":4},"end":{"line":94,"column":14}},"38":{"start":{"line":91,"column":8},"end":{"line":91,"column":57}},"39":{"start":{"line":98,"column":2},"end":{"line":98,"column":65}},"40":{"start":{"line":103,"column":1},"end":{"line":117,"column":2}},"41":{"start":{"line":104,"column":2},"end":{"line":104,"column":36}},"42":{"start":{"line":105,"column":2},"end":{"line":114,"column":4}},"43":{"start":{"line":106,"column":3},"end":{"line":113,"column":4}},"44":{"start":{"line":107,"column":4},"end":{"line":112,"column":14}},"45":{"start":{"line":110,"column":62},"end":{"line":110,"column":88}},"46":{"start":{"line":116,"column":2},"end":{"line":116,"column":56}},"47":{"start":{"line":121,"column":1},"end":{"line":121,"column":18}}},"fnMap":{"0":{"name":"loadJournals","decl":{"start":{"line":15,"column":22},"end":{"line":15,"column":34}},"loc":{"start":{"line":15,"column":37},"end":{"line":22,"column":1}},"line":15},"1":{"name":"addJournal","decl":{"start":{"line":24,"column":22},"end":{"line":24,"column":32}},"loc":{"start":{"line":24,"column":49},"end":{"line":36,"column":1}},"line":24},"2":{"name":"(anonymous_2)","decl":{"start":{"line":29,"column":19},"end":{"line":29,"column":20}},"loc":{"start":{"line":29,"column":40},"end":{"line":29,"column":80}},"line":29},"3":{"name":"editJournal","decl":{"start":{"line":38,"column":22},"end":{"line":38,"column":33}},"loc":{"start":{"line":38,"column":65},"end":{"line":49,"column":1}},"line":38},"4":{"name":"(anonymous_4)","decl":{"start":{"line":41,"column":18},"end":{"line":41,"column":19}},"loc":{"start":{"line":42,"column":3},"end":{"line":44,"column":4}},"line":42},"5":{"name":"(anonymous_5)","decl":{"start":{"line":42,"column":23},"end":{"line":42,"column":24}},"loc":{"start":{"line":43,"column":4},"end":{"line":43,"column":79}},"line":43},"6":{"name":"removeJournal","decl":{"start":{"line":51,"column":22},"end":{"line":51,"column":35}},"loc":{"start":{"line":51,"column":47},"end":{"line":60,"column":1}},"line":51},"7":{"name":"(anonymous_7)","decl":{"start":{"line":54,"column":18},"end":{"line":54,"column":19}},"loc":{"start":{"line":55,"column":3},"end":{"line":55,"column":72}},"line":55},"8":{"name":"(anonymous_8)","decl":{"start":{"line":55,"column":26},"end":{"line":55,"column":27}},"loc":{"start":{"line":55,"column":39},"end":{"line":55,"column":71}},"line":55},"9":{"name":"addJournalEntry","decl":{"start":{"line":62,"column":22},"end":{"line":62,"column":37}},"loc":{"start":{"line":62,"column":71},"end":{"line":80,"column":1}},"line":62},"10":{"name":"(anonymous_10)","decl":{"start":{"line":70,"column":18},"end":{"line":70,"column":19}},"loc":{"start":{"line":71,"column":3},"end":{"line":75,"column":4}},"line":71},"11":{"name":"(anonymous_11)","decl":{"start":{"line":71,"column":23},"end":{"line":71,"column":24}},"loc":{"start":{"line":72,"column":4},"end":{"line":74,"column":14}},"line":72},"12":{"name":"editJournalEntryInStore","decl":{"start":{"line":82,"column":22},"end":{"line":82,"column":45}},"loc":{"start":{"line":82,"column":84},"end":{"line":100,"column":1}},"line":82},"13":{"name":"(anonymous_13)","decl":{"start":{"line":85,"column":18},"end":{"line":85,"column":19}},"loc":{"start":{"line":86,"column":3},"end":{"line":95,"column":4}},"line":86},"14":{"name":"(anonymous_14)","decl":{"start":{"line":86,"column":23},"end":{"line":86,"column":24}},"loc":{"start":{"line":87,"column":4},"end":{"line":94,"column":14}},"line":87},"15":{"name":"(anonymous_15)","decl":{"start":{"line":90,"column":48},"end":{"line":90,"column":49}},"loc":{"start":{"line":91,"column":8},"end":{"line":91,"column":57}},"line":91},"16":{"name":"deleteJournalEntryInStore","decl":{"start":{"line":102,"column":22},"end":{"line":102,"column":47}},"loc":{"start":{"line":102,"column":68},"end":{"line":118,"column":1}},"line":102},"17":{"name":"(anonymous_17)","decl":{"start":{"line":105,"column":18},"end":{"line":105,"column":19}},"loc":{"start":{"line":106,"column":3},"end":{"line":113,"column":4}},"line":106},"18":{"name":"(anonymous_18)","decl":{"start":{"line":106,"column":23},"end":{"line":106,"column":24}},"loc":{"start":{"line":107,"column":4},"end":{"line":112,"column":14}},"line":107},"19":{"name":"(anonymous_19)","decl":{"start":{"line":110,"column":51},"end":{"line":110,"column":52}},"loc":{"start":{"line":110,"column":62},"end":{"line":110,"column":88}},"line":110},"20":{"name":"logOut","decl":{"start":{"line":120,"column":9},"end":{"line":120,"column":15}},"loc":{"start":{"line":120,"column":18},"end":{"line":122,"column":1}},"line":120}},"branchMap":{"0":{"loc":{"start":{"line":27,"column":2},"end":{"line":32,"column":3}},"type":"if","locations":[{"start":{"line":27,"column":2},"end":{"line":32,"column":3}},{"start":{"line":30,"column":9},"end":{"line":32,"column":3}}],"line":27},"1":{"loc":{"start":{"line":43,"column":4},"end":{"line":43,"column":79}},"type":"cond-expr","locations":[{"start":{"line":43,"column":55},"end":{"line":43,"column":69}},{"start":{"line":43,"column":72},"end":{"line":43,"column":79}}],"line":43},"2":{"loc":{"start":{"line":64,"column":2},"end":{"line":66,"column":3}},"type":"if","locations":[{"start":{"line":64,"column":2},"end":{"line":66,"column":3}},{"start":{},"end":{}}],"line":64},"3":{"loc":{"start":{"line":64,"column":6},"end":{"line":64,"column":30}},"type":"binary-expr","locations":[{"start":{"line":64,"column":6},"end":{"line":64,"column":19}},{"start":{"line":64,"column":23},"end":{"line":64,"column":30}}],"line":64},"4":{"loc":{"start":{"line":72,"column":4},"end":{"line":74,"column":14}},"type":"cond-expr","locations":[{"start":{"line":73,"column":7},"end":{"line":73,"column":74}},{"start":{"line":74,"column":7},"end":{"line":74,"column":14}}],"line":72},"5":{"loc":{"start":{"line":87,"column":4},"end":{"line":94,"column":14}},"type":"cond-expr","locations":[{"start":{"line":88,"column":7},"end":{"line":93,"column":8}},{"start":{"line":94,"column":7},"end":{"line":94,"column":14}}],"line":87},"6":{"loc":{"start":{"line":91,"column":8},"end":{"line":91,"column":57}},"type":"cond-expr","locations":[{"start":{"line":91,"column":37},"end":{"line":91,"column":49}},{"start":{"line":91,"column":52},"end":{"line":91,"column":57}}],"line":91},"7":{"loc":{"start":{"line":107,"column":4},"end":{"line":112,"column":14}},"type":"cond-expr","locations":[{"start":{"line":108,"column":7},"end":{"line":111,"column":8}},{"start":{"line":112,"column":7},"end":{"line":112,"column":14}}],"line":107}},"s":{"0":0,"1":0,"2":0,"3":0,"4":0,"5":0,"6":0,"7":0,"8":0,"9":0,"10":0,"11":0,"12":0,"13":0,"14":0,"15":0,"16":0,"17":0,"18":0,"19":0,"20":0,"21":0,"22":0,"23":0,"24":0,"25":0,"26":0,"27":0,"28":0,"29":0,"30":0,"31":0,"32":0,"33":0,"34":0,"35":0,"36":0,"37":0,"38":0,"39":0,"40":0,"41":0,"42":0,"43":0,"44":0,"45":0,"46":0,"47":0},"f":{"0":0,"1":0,"2":0,"3":0,"4":0,"5":0,"6":0,"7":0,"8":0,"9":0,"10":0,"11":0,"12":0,"13":0,"14":0,"15":0,"16":0,"17":0,"18":0,"19":0,"20":0},"b":{"0":[0,0],"1":[0,0],"2":[0,0],"3":[0,0],"4":[0,0],"5":[0,0],"6":[0,0],"7":[0,0]}}
,"C:\\Users\\mauri\\OneDrive\\Documents\\Second-year-Github-projects\\Care-Bear\\care-bear\\src\\lib\\moodClient.js": {"path":"C:\\Users\\mauri\\OneDrive\\Documents\\Second-year-Github-projects\\Care-Bear\\care-bear\\src\\lib\\moodClient.js","statementMap":{"0":{"start":{"line":6,"column":13},"end":{"line":6,"column":58}},"1":{"start":{"line":6,"column":25},"end":{"line":6,"column":58}},"2":{"start":{"line":8,"column":14},"end":{"line":8,"column":32}},"3":{"start":{"line":9,"column":15},"end":{"line":9,"column":39}},"4":{"start":{"line":10,"column":13},"end":{"line":10,"column":32}},"5":{"start":{"line":11,"column":15},"end":{"line":11,"column":35}},"6":{"start":{"line":12,"column":17},"end":{"line":12,"column":39}},"7":{"start":{"line":13,"column":17},"end":{"line":13,"column":39}},"8":{"start":{"line":15,"column":1},"end":{"line":15,"column":65}},"9":{"start":{"line":19,"column":25},"end":{"line":35,"column":15}},"10":{"start":{"line":37,"column":1},"end":{"line":48,"column":2}},"11":{"start":{"line":38,"column":2},"end":{"line":38,"column":55}},"12":{"start":{"line":39,"column":2},"end":{"line":39,"column":12}},"13":{"start":{"line":41,"column":24},"end":{"line":45,"column":5}},"14":{"start":{"line":41,"column":45},"end":{"line":45,"column":3}},"15":{"start":{"line":47,"column":2},"end":{"line":47,"column":23}},"16":{"start":{"line":52,"column":21},"end":{"line":52,"column":30}},"17":{"start":{"line":53,"column":17},"end":{"line":53,"column":36}},"18":{"start":{"line":55,"column":22},"end":{"line":59,"column":2}},"19":{"start":{"line":61,"column":25},"end":{"line":61,"column":90}},"20":{"start":{"line":62,"column":1},"end":{"line":62,"column":19}},"21":{"start":{"line":64,"column":1},"end":{"line":68,"column":2}},"22":{"start":{"line":65,"column":2},"end":{"line":65,"column":51}},"23":{"start":{"line":67,"column":2},"end":{"line":67,"column":41}},"24":{"start":{"line":72,"column":25},"end":{"line":75,"column":50}},"25":{"start":{"line":77,"column":1},"end":{"line":81,"column":2}},"26":{"start":{"line":78,"column":2},"end":{"line":78,"column":53}},"27":{"start":{"line":80,"column":2},"end":{"line":80,"column":43}}},"fnMap":{"0":{"name":"formatDateForSupabase","decl":{"start":{"line":5,"column":9},"end":{"line":5,"column":30}},"loc":{"start":{"line":5,"column":37},"end":{"line":16,"column":1}},"line":5},"1":{"name":"(anonymous_1)","decl":{"start":{"line":6,"column":13},"end":{"line":6,"column":14}},"loc":{"start":{"line":6,"column":25},"end":{"line":6,"column":58}},"line":6},"2":{"name":"fetchLatestMoodEntries","decl":{"start":{"line":18,"column":22},"end":{"line":18,"column":44}},"loc":{"start":{"line":18,"column":58},"end":{"line":49,"column":1}},"line":18},"3":{"name":"(anonymous_3)","decl":{"start":{"line":41,"column":33},"end":{"line":41,"column":34}},"loc":{"start":{"line":41,"column":45},"end":{"line":45,"column":3}},"line":41},"4":{"name":"addMoodEntry","decl":{"start":{"line":51,"column":22},"end":{"line":51,"column":34}},"loc":{"start":{"line":51,"column":56},"end":{"line":69,"column":1}},"line":51},"5":{"name":"updateMoodEntry","decl":{"start":{"line":71,"column":22},"end":{"line":71,"column":37}},"loc":{"start":{"line":71,"column":52},"end":{"line":82,"column":1}},"line":71}},"branchMap":{"0":{"loc":{"start":{"line":6,"column":26},"end":{"line":6,"column":48}},"type":"cond-expr","locations":[{"start":{"line":6,"column":40},"end":{"line":6,"column":43}},{"start":{"line":6,"column":46},"end":{"line":6,"column":48}}],"line":6},"1":{"loc":{"start":{"line":28,"column":51},"end":{"line":28,"column":69}},"type":"binary-expr","locations":[{"start":{"line":28,"column":51},"end":{"line":28,"column":55}},{"start":{"line":28,"column":59},"end":{"line":28,"column":69}}],"line":28},"2":{"loc":{"start":{"line":31,"column":35},"end":{"line":31,"column":53}},"type":"binary-expr","locations":[{"start":{"line":31,"column":35},"end":{"line":31,"column":39}},{"start":{"line":31,"column":43},"end":{"line":31,"column":53}}],"line":31},"3":{"loc":{"start":{"line":37,"column":1},"end":{"line":48,"column":2}},"type":"if","locations":[{"start":{"line":37,"column":1},"end":{"line":48,"column":2}},{"start":{"line":40,"column":8},"end":{"line":48,"column":2}}],"line":37},"4":{"loc":{"start":{"line":43,"column":21},"end":{"line":43,"column":84}},"type":"cond-expr","locations":[{"start":{"line":43,"column":34},"end":{"line":43,"column":56}},{"start":{"line":43,"column":59},"end":{"line":43,"column":84}}],"line":43},"5":{"loc":{"start":{"line":64,"column":1},"end":{"line":68,"column":2}},"type":"if","locations":[{"start":{"line":64,"column":1},"end":{"line":68,"column":2}},{"start":{"line":66,"column":8},"end":{"line":68,"column":2}}],"line":64},"6":{"loc":{"start":{"line":77,"column":1},"end":{"line":81,"column":2}},"type":"if","locations":[{"start":{"line":77,"column":1},"end":{"line":81,"column":2}},{"start":{"line":79,"column":8},"end":{"line":81,"column":2}}],"line":77}},"s":{"0":0,"1":0,"2":0,"3":0,"4":0,"5":0,"6":0,"7":0,"8":0,"9":0,"10":0,"11":0,"12":0,"13":0,"14":0,"15":0,"16":0,"17":0,"18":0,"19":0,"20":0,"21":0,"22":0,"23":0,"24":0,"25":0,"26":0,"27":0},"f":{"0":0,"1":0,"2":0,"3":0,"4":0,"5":0},"b":{"0":[0,0],"1":[0,0],"2":[0,0],"3":[0,0],"4":[0,0],"5":[0,0],"6":[0,0]}}
,"C:\\Users\\mauri\\OneDrive\\Documents\\Second-year-Github-projects\\Care-Bear\\care-bear\\src\\lib\\moodStore.js": {"path":"C:\\Users\\mauri\\OneDrive\\Documents\\Second-year-Github-projects\\Care-Bear\\care-bear\\src\\lib\\moodStore.js","statementMap":{"0":{"start":{"line":4,"column":13},"end":{"line":4,"column":25}},"1":{"start":{"line":6,"column":0},"end":{"line":8,"column":3}},"2":{"start":{"line":7,"column":1},"end":{"line":7,"column":23}},"3":{"start":{"line":11,"column":1},"end":{"line":16,"column":2}},"4":{"start":{"line":12,"column":2},"end":{"line":12,"column":35}},"5":{"start":{"line":13,"column":2},"end":{"line":13,"column":65}},"6":{"start":{"line":13,"column":32},"end":{"line":13,"column":63}},"7":{"start":{"line":15,"column":2},"end":{"line":15,"column":51}},"8":{"start":{"line":20,"column":1},"end":{"line":20,"column":14}}},"fnMap":{"0":{"name":"(anonymous_0)","decl":{"start":{"line":6,"column":30},"end":{"line":6,"column":31}},"loc":{"start":{"line":6,"column":47},"end":{"line":8,"column":1}},"line":6},"1":{"name":"addMoodEntryToDB","decl":{"start":{"line":10,"column":15},"end":{"line":10,"column":31}},"loc":{"start":{"line":10,"column":46},"end":{"line":17,"column":1}},"line":10},"2":{"name":"(anonymous_2)","decl":{"start":{"line":13,"column":14},"end":{"line":13,"column":15}},"loc":{"start":{"line":13,"column":32},"end":{"line":13,"column":63}},"line":13},"3":{"name":"logOut","decl":{"start":{"line":19,"column":9},"end":{"line":19,"column":15}},"loc":{"start":{"line":19,"column":18},"end":{"line":21,"column":1}},"line":19}},"branchMap":{},"s":{"0":0,"1":0,"2":0,"3":0,"4":0,"5":0,"6":0,"7":0,"8":0},"f":{"0":0,"1":0,"2":0,"3":0},"b":{}}
,"C:\\Users\\mauri\\OneDrive\\Documents\\Second-year-Github-projects\\Care-Bear\\care-bear\\src\\lib\\profileClient.js": {"path":"C:\\Users\\mauri\\OneDrive\\Documents\\Second-year-Github-projects\\Care-Bear\\care-bear\\src\\lib\\profileClient.js","statementMap":{"0":{"start":{"line":6,"column":21},"end":{"line":6,"column":30}},"1":{"start":{"line":7,"column":17},"end":{"line":7,"column":36}},"2":{"start":{"line":8,"column":1},"end":{"line":10,"column":2}},"3":{"start":{"line":9,"column":2},"end":{"line":9,"column":52}},"4":{"start":{"line":12,"column":25},"end":{"line":12,"column":90}},"5":{"start":{"line":14,"column":1},"end":{"line":19,"column":2}},"6":{"start":{"line":15,"column":2},"end":{"line":15,"column":50}},"7":{"start":{"line":16,"column":2},"end":{"line":16,"column":14}},"8":{"start":{"line":18,"column":2},"end":{"line":18,"column":17}},"9":{"start":{"line":23,"column":21},"end":{"line":23,"column":30}},"10":{"start":{"line":24,"column":17},"end":{"line":24,"column":36}},"11":{"start":{"line":25,"column":1},"end":{"line":27,"column":2}},"12":{"start":{"line":26,"column":2},"end":{"line":26,"column":52}},"13":{"start":{"line":29,"column":1},"end":{"line":29,"column":27}},"14":{"start":{"line":31,"column":25},"end":{"line":31,"column":82}},"15":{"start":{"line":33,"column":1},"end":{"line":36,"column":2}},"16":{"start":{"line":34,"column":2},"end":{"line":34,"column":50}},"17":{"start":{"line":35,"column":2},"end":{"line":35,"column":14}},"18":{"start":{"line":38,"column":1},"end":{"line":38,"column":16}},"19":{"start":{"line":42,"column":21},"end":{"line":42,"column":30}},"20":{"start":{"line":43,"column":17},"end":{"line":43,"column":36}},"21":{"start":{"line":44,"column":1},"end":{"line":46,"column":2}},"22":{"start":{"line":45,"column":2},"end":{"line":45,"column":52}},"23":{"start":{"line":48,"column":1},"end":{"line":48,"column":27}},"24":{"start":{"line":50,"column":25},"end":{"line":54,"column":11}},"25":{"start":{"line":56,"column":1},"end":{"line":59,"column":2}},"26":{"start":{"line":57,"column":2},"end":{"line":57,"column":50}},"27":{"start":{"line":58,"column":2},"end":{"line":58,"column":14}},"28":{"start":{"line":61,"column":1},"end":{"line":61,"column":16}}},"fnMap":{"0":{"name":"fetchProfile","decl":{"start":{"line":5,"column":22},"end":{"line":5,"column":34}},"loc":{"start":{"line":5,"column":37},"end":{"line":20,"column":1}},"line":5},"1":{"name":"createProfile","decl":{"start":{"line":22,"column":22},"end":{"line":22,"column":35}},"loc":{"start":{"line":22,"column":45},"end":{"line":39,"column":1}},"line":22},"2":{"name":"updateProfile","decl":{"start":{"line":41,"column":22},"end":{"line":41,"column":35}},"loc":{"start":{"line":41,"column":45},"end":{"line":62,"column":1}},"line":41}},"branchMap":{"0":{"loc":{"start":{"line":8,"column":1},"end":{"line":10,"column":2}},"type":"if","locations":[{"start":{"line":8,"column":1},"end":{"line":10,"column":2}},{"start":{},"end":{}}],"line":8},"1":{"loc":{"start":{"line":8,"column":5},"end":{"line":8,"column":62}},"type":"binary-expr","locations":[{"start":{"line":8,"column":5},"end":{"line":8,"column":17}},{"start":{"line":8,"column":21},"end":{"line":8,"column":38}},{"start":{"line":8,"column":42},"end":{"line":8,"column":62}}],"line":8},"2":{"loc":{"start":{"line":14,"column":1},"end":{"line":19,"column":2}},"type":"if","locations":[{"start":{"line":14,"column":1},"end":{"line":19,"column":2}},{"start":{"line":17,"column":8},"end":{"line":19,"column":2}}],"line":14},"3":{"loc":{"start":{"line":25,"column":1},"end":{"line":27,"column":2}},"type":"if","locations":[{"start":{"line":25,"column":1},"end":{"line":27,"column":2}},{"start":{},"end":{}}],"line":25},"4":{"loc":{"start":{"line":25,"column":5},"end":{"line":25,"column":62}},"type":"binary-expr","locations":[{"start":{"line":25,"column":5},"end":{"line":25,"column":17}},{"start":{"line":25,"column":21},"end":{"line":25,"column":38}},{"start":{"line":25,"column":42},"end":{"line":25,"column":62}}],"line":25},"5":{"loc":{"start":{"line":33,"column":1},"end":{"line":36,"column":2}},"type":"if","locations":[{"start":{"line":33,"column":1},"end":{"line":36,"column":2}},{"start":{},"end":{}}],"line":33},"6":{"loc":{"start":{"line":44,"column":1},"end":{"line":46,"column":2}},"type":"if","locations":[{"start":{"line":44,"column":1},"end":{"line":46,"column":2}},{"start":{},"end":{}}],"line":44},"7":{"loc":{"start":{"line":44,"column":5},"end":{"line":44,"column":62}},"type":"binary-expr","locations":[{"start":{"line":44,"column":5},"end":{"line":44,"column":17}},{"start":{"line":44,"column":21},"end":{"line":44,"column":38}},{"start":{"line":44,"column":42},"end":{"line":44,"column":62}}],"line":44},"8":{"loc":{"start":{"line":56,"column":1},"end":{"line":59,"column":2}},"type":"if","locations":[{"start":{"line":56,"column":1},"end":{"line":59,"column":2}},{"start":{},"end":{}}],"line":56}},"s":{"0":0,"1":0,"2":0,"3":0,"4":0,"5":0,"6":0,"7":0,"8":0,"9":0,"10":0,"11":0,"12":0,"13":0,"14":0,"15":0,"16":0,"17":0,"18":0,"19":0,"20":0,"21":0,"22":0,"23":0,"24":0,"25":0,"26":0,"27":0,"28":0},"f":{"0":0,"1":0,"2":0},"b":{"0":[0,0],"1":[0,0,0],"2":[0,0],"3":[0,0],"4":[0,0,0],"5":[0,0],"6":[0,0],"7":[0,0,0],"8":[0,0]}}
,"C:\\Users\\mauri\\OneDrive\\Documents\\Second-year-Github-projects\\Care-Bear\\care-bear\\src\\lib\\profileInfo.js": {"path":"C:\\Users\\mauri\\OneDrive\\Documents\\Second-year-Github-projects\\Care-Bear\\care-bear\\src\\lib\\profileInfo.js","statementMap":{"0":{"start":{"line":3,"column":26},"end":{"line":3,"column":39}},"1":{"start":{"line":6,"column":28},"end":{"line":10,"column":17}},"2":{"start":{"line":12,"column":4},"end":{"line":19,"column":5}},"3":{"start":{"line":13,"column":8},"end":{"line":13,"column":56}},"4":{"start":{"line":14,"column":8},"end":{"line":14,"column":20}},"5":{"start":{"line":17,"column":8},"end":{"line":17,"column":70}},"6":{"start":{"line":18,"column":8},"end":{"line":18,"column":20}},"7":{"start":{"line":23,"column":26},"end":{"line":23,"column":65}},"8":{"start":{"line":24,"column":4},"end":{"line":26,"column":5}},"9":{"start":{"line":25,"column":8},"end":{"line":25,"column":41}},"10":{"start":{"line":27,"column":4},"end":{"line":27,"column":16}},"11":{"start":{"line":31,"column":22},"end":{"line":34,"column":25}},"12":{"start":{"line":36,"column":4},"end":{"line":43,"column":5}},"13":{"start":{"line":37,"column":8},"end":{"line":37,"column":56}},"14":{"start":{"line":38,"column":8},"end":{"line":38,"column":21}},"15":{"start":{"line":41,"column":8},"end":{"line":41,"column":80}},"16":{"start":{"line":42,"column":8},"end":{"line":42,"column":20}}},"fnMap":{"0":{"name":"fetchUserProfile","decl":{"start":{"line":5,"column":22},"end":{"line":5,"column":38}},"loc":{"start":{"line":5,"column":57},"end":{"line":20,"column":1}},"line":5},"1":{"name":"getUserProfile","decl":{"start":{"line":22,"column":16},"end":{"line":22,"column":30}},"loc":{"start":{"line":22,"column":33},"end":{"line":28,"column":1}},"line":22},"2":{"name":"updateUserProfile","decl":{"start":{"line":30,"column":22},"end":{"line":30,"column":39}},"loc":{"start":{"line":30,"column":74},"end":{"line":44,"column":1}},"line":30}},"branchMap":{"0":{"loc":{"start":{"line":12,"column":4},"end":{"line":19,"column":5}},"type":"if","locations":[{"start":{"line":12,"column":4},"end":{"line":19,"column":5}},{"start":{"line":15,"column":11},"end":{"line":19,"column":5}}],"line":12},"1":{"loc":{"start":{"line":24,"column":4},"end":{"line":26,"column":5}},"type":"if","locations":[{"start":{"line":24,"column":4},"end":{"line":26,"column":5}},{"start":{},"end":{}}],"line":24},"2":{"loc":{"start":{"line":36,"column":4},"end":{"line":43,"column":5}},"type":"if","locations":[{"start":{"line":36,"column":4},"end":{"line":43,"column":5}},{"start":{"line":39,"column":11},"end":{"line":43,"column":5}}],"line":36}},"s":{"0":0,"1":0,"2":0,"3":0,"4":0,"5":0,"6":0,"7":0,"8":0,"9":0,"10":0,"11":0,"12":0,"13":0,"14":0,"15":0,"16":0},"f":{"0":0,"1":0,"2":0},"b":{"0":[0,0],"1":[0,0],"2":[0,0]}}
,"C:\\Users\\mauri\\OneDrive\\Documents\\Second-year-Github-projects\\Care-Bear\\care-bear\\src\\lib\\profileStore.js": {"path":"C:\\Users\\mauri\\OneDrive\\Documents\\Second-year-Github-projects\\Care-Bear\\care-bear\\src\\lib\\profileStore.js","statementMap":{"0":{"start":{"line":3,"column":18},"end":{"line":9,"column":2}},"1":{"start":{"line":13,"column":29},"end":{"line":13,"column":61}},"2":{"start":{"line":14,"column":15},"end":{"line":14,"column":59}}},"fnMap":{"0":{"name":"(anonymous_0)","decl":{"start":{"line":13,"column":10},"end":{"line":13,"column":11}},"loc":{"start":{"line":13,"column":29},"end":{"line":13,"column":61}},"line":13},"1":{"name":"(anonymous_1)","decl":{"start":{"line":14,"column":9},"end":{"line":14,"column":10}},"loc":{"start":{"line":14,"column":15},"end":{"line":14,"column":59}},"line":14}},"branchMap":{},"s":{"0":0,"1":0,"2":0},"f":{"0":0,"1":0},"b":{}}
,"C:\\Users\\mauri\\OneDrive\\Documents\\Second-year-Github-projects\\Care-Bear\\care-bear\\src\\lib\\reminderStore.js": {"path":"C:\\Users\\mauri\\OneDrive\\Documents\\Second-year-Github-projects\\Care-Bear\\care-bear\\src\\lib\\reminderStore.js","statementMap":{"0":{"start":{"line":4,"column":31},"end":{"line":4,"column":46}}},"fnMap":{},"branchMap":{},"s":{"0":0},"f":{},"b":{}}
,"C:\\Users\\mauri\\OneDrive\\Documents\\Second-year-Github-projects\\Care-Bear\\care-bear\\src\\lib\\shareData.js": {"path":"C:\\Users\\mauri\\OneDrive\\Documents\\Second-year-Github-projects\\Care-Bear\\care-bear\\src\\lib\\shareData.js","statementMap":{"0":{"start":{"line":4,"column":25},"end":{"line":4,"column":40}}},"fnMap":{},"branchMap":{},"s":{"0":0},"f":{},"b":{}}
,"C:\\Users\\mauri\\OneDrive\\Documents\\Second-year-Github-projects\\Care-Bear\\care-bear\\src\\lib\\supabaseClient.js": {"path":"C:\\Users\\mauri\\OneDrive\\Documents\\Second-year-Github-projects\\Care-Bear\\care-bear\\src\\lib\\supabaseClient.js","statementMap":{"0":{"start":{"line":3,"column":20},"end":{"line":3,"column":62}},"1":{"start":{"line":5,"column":1},"end":{"line":5,"column":211}},"2":{"start":{"line":7,"column":24},"end":{"line":7,"column":62}}},"fnMap":{},"branchMap":{},"s":{"0":0,"1":0,"2":0},"f":{},"b":{}}
,"C:\\Users\\mauri\\OneDrive\\Documents\\Second-year-Github-projects\\Care-Bear\\care-bear\\src\\lib\\taskClient.js": {"path":"C:\\Users\\mauri\\OneDrive\\Documents\\Second-year-Github-projects\\Care-Bear\\care-bear\\src\\lib\\taskClient.js","statementMap":{"0":{"start":{"line":7,"column":1},"end":{"line":33,"column":2}},"1":{"start":{"line":8,"column":22},"end":{"line":8,"column":31}},"2":{"start":{"line":9,"column":2},"end":{"line":11,"column":3}},"3":{"start":{"line":10,"column":3},"end":{"line":10,"column":53}},"4":{"start":{"line":13,"column":14},"end":{"line":13,"column":82}},"5":{"start":{"line":15,"column":2},"end":{"line":17,"column":3}},"6":{"start":{"line":16,"column":3},"end":{"line":16,"column":55}},"7":{"start":{"line":19,"column":2},"end":{"line":19,"column":49}},"8":{"start":{"line":21,"column":26},"end":{"line":21,"column":37}},"9":{"start":{"line":22,"column":2},"end":{"line":24,"column":3}},"10":{"start":{"line":23,"column":3},"end":{"line":23,"column":34}},"11":{"start":{"line":26,"column":2},"end":{"line":29,"column":6}},"12":{"start":{"line":26,"column":29},"end":{"line":29,"column":3}},"13":{"start":{"line":31,"column":2},"end":{"line":31,"column":48}},"14":{"start":{"line":32,"column":2},"end":{"line":32,"column":14}},"15":{"start":{"line":39,"column":1},"end":{"line":63,"column":2}},"16":{"start":{"line":40,"column":22},"end":{"line":40,"column":31}},"17":{"start":{"line":41,"column":2},"end":{"line":43,"column":3}},"18":{"start":{"line":42,"column":3},"end":{"line":42,"column":53}},"19":{"start":{"line":45,"column":26},"end":{"line":50,"column":12}},"20":{"start":{"line":52,"column":2},"end":{"line":54,"column":3}},"21":{"start":{"line":53,"column":3},"end":{"line":53,"column":34}},"22":{"start":{"line":56,"column":2},"end":{"line":59,"column":6}},"23":{"start":{"line":56,"column":29},"end":{"line":59,"column":3}},"24":{"start":{"line":61,"column":2},"end":{"line":61,"column":55}},"25":{"start":{"line":62,"column":2},"end":{"line":62,"column":14}},"26":{"start":{"line":67,"column":1},"end":{"line":85,"column":2}},"27":{"start":{"line":68,"column":22},"end":{"line":68,"column":31}},"28":{"start":{"line":69,"column":2},"end":{"line":71,"column":3}},"29":{"start":{"line":70,"column":3},"end":{"line":70,"column":53}},"30":{"start":{"line":74,"column":2},"end":{"line":74,"column":37}},"31":{"start":{"line":76,"column":26},"end":{"line":76,"column":77}},"32":{"start":{"line":77,"column":2},"end":{"line":79,"column":3}},"33":{"start":{"line":78,"column":3},"end":{"line":78,"column":15}},"34":{"start":{"line":81,"column":2},"end":{"line":81,"column":17}},"35":{"start":{"line":83,"column":2},"end":{"line":83,"column":47}},"36":{"start":{"line":84,"column":2},"end":{"line":84,"column":14}},"37":{"start":{"line":89,"column":25},"end":{"line":93,"column":11}},"38":{"start":{"line":94,"column":1},"end":{"line":96,"column":2}},"39":{"start":{"line":95,"column":2},"end":{"line":95,"column":33}},"40":{"start":{"line":97,"column":1},"end":{"line":97,"column":16}},"41":{"start":{"line":101,"column":25},"end":{"line":101,"column":93}},"42":{"start":{"line":102,"column":1},"end":{"line":104,"column":2}},"43":{"start":{"line":103,"column":2},"end":{"line":103,"column":33}},"44":{"start":{"line":105,"column":1},"end":{"line":105,"column":16}}},"fnMap":{"0":{"name":"fetchTasks","decl":{"start":{"line":6,"column":22},"end":{"line":6,"column":32}},"loc":{"start":{"line":6,"column":74},"end":{"line":34,"column":1}},"line":6},"1":{"name":"(anonymous_1)","decl":{"start":{"line":26,"column":18},"end":{"line":26,"column":19}},"loc":{"start":{"line":26,"column":29},"end":{"line":29,"column":3}},"line":26},"2":{"name":"fetchLast3Tasks","decl":{"start":{"line":38,"column":22},"end":{"line":38,"column":37}},"loc":{"start":{"line":38,"column":40},"end":{"line":64,"column":1}},"line":38},"3":{"name":"(anonymous_3)","decl":{"start":{"line":56,"column":18},"end":{"line":56,"column":19}},"loc":{"start":{"line":56,"column":29},"end":{"line":59,"column":3}},"line":56},"4":{"name":"createTask","decl":{"start":{"line":66,"column":22},"end":{"line":66,"column":32}},"loc":{"start":{"line":66,"column":39},"end":{"line":86,"column":1}},"line":66},"5":{"name":"updateTask","decl":{"start":{"line":88,"column":22},"end":{"line":88,"column":32}},"loc":{"start":{"line":88,"column":55},"end":{"line":98,"column":1}},"line":88},"6":{"name":"deleteTask","decl":{"start":{"line":100,"column":22},"end":{"line":100,"column":32}},"loc":{"start":{"line":100,"column":42},"end":{"line":106,"column":1}},"line":100}},"branchMap":{"0":{"loc":{"start":{"line":6,"column":33},"end":{"line":6,"column":72}},"type":"default-arg","locations":[{"start":{"line":6,"column":70},"end":{"line":6,"column":72}}],"line":6},"1":{"loc":{"start":{"line":6,"column":35},"end":{"line":6,"column":46}},"type":"default-arg","locations":[{"start":{"line":6,"column":44},"end":{"line":6,"column":46}}],"line":6},"2":{"loc":{"start":{"line":6,"column":48},"end":{"line":6,"column":65}},"type":"default-arg","locations":[{"start":{"line":6,"column":55},"end":{"line":6,"column":65}}],"line":6},"3":{"loc":{"start":{"line":9,"column":2},"end":{"line":11,"column":3}},"type":"if","locations":[{"start":{"line":9,"column":2},"end":{"line":11,"column":3}},{"start":{},"end":{}}],"line":9},"4":{"loc":{"start":{"line":9,"column":6},"end":{"line":9,"column":63}},"type":"binary-expr","locations":[{"start":{"line":9,"column":6},"end":{"line":9,"column":18}},{"start":{"line":9,"column":22},"end":{"line":9,"column":39}},{"start":{"line":9,"column":43},"end":{"line":9,"column":63}}],"line":9},"5":{"loc":{"start":{"line":15,"column":2},"end":{"line":17,"column":3}},"type":"if","locations":[{"start":{"line":15,"column":2},"end":{"line":17,"column":3}},{"start":{},"end":{}}],"line":15},"6":{"loc":{"start":{"line":22,"column":2},"end":{"line":24,"column":3}},"type":"if","locations":[{"start":{"line":22,"column":2},"end":{"line":24,"column":3}},{"start":{},"end":{}}],"line":22},"7":{"loc":{"start":{"line":41,"column":2},"end":{"line":43,"column":3}},"type":"if","locations":[{"start":{"line":41,"column":2},"end":{"line":43,"column":3}},{"start":{},"end":{}}],"line":41},"8":{"loc":{"start":{"line":41,"column":6},"end":{"line":41,"column":63}},"type":"binary-expr","locations":[{"start":{"line":41,"column":6},"end":{"line":41,"column":18}},{"start":{"line":41,"column":22},"end":{"line":41,"column":39}},{"start":{"line":41,"column":43},"end":{"line":41,"column":63}}],"line":41},"9":{"loc":{"start":{"line":52,"column":2},"end":{"line":54,"column":3}},"type":"if","locations":[{"start":{"line":52,"column":2},"end":{"line":54,"column":3}},{"start":{},"end":{}}],"line":52},"10":{"loc":{"start":{"line":69,"column":2},"end":{"line":71,"column":3}},"type":"if","locations":[{"start":{"line":69,"column":2},"end":{"line":71,"column":3}},{"start":{},"end":{}}],"line":69},"11":{"loc":{"start":{"line":69,"column":6},"end":{"line":69,"column":63}},"type":"binary-expr","locations":[{"start":{"line":69,"column":6},"end":{"line":69,"column":18}},{"start":{"line":69,"column":22},"end":{"line":69,"column":39}},{"start":{"line":69,"column":43},"end":{"line":69,"column":63}}],"line":69},"12":{"loc":{"start":{"line":77,"column":2},"end":{"line":79,"column":3}},"type":"if","locations":[{"start":{"line":77,"column":2},"end":{"line":79,"column":3}},{"start":{},"end":{}}],"line":77},"13":{"loc":{"start":{"line":94,"column":1},"end":{"line":96,"column":2}},"type":"if","locations":[{"start":{"line":94,"column":1},"end":{"line":96,"column":2}},{"start":{},"end":{}}],"line":94},"14":{"loc":{"start":{"line":102,"column":1},"end":{"line":104,"column":2}},"type":"if","locations":[{"start":{"line":102,"column":1},"end":{"line":104,"column":2}},{"start":{},"end":{}}],"line":102}},"s":{"0":0,"1":0,"2":0,"3":0,"4":0,"5":0,"6":0,"7":0,"8":0,"9":0,"10":0,"11":0,"12":0,"13":0,"14":0,"15":0,"16":0,"17":0,"18":0,"19":0,"20":0,"21":0,"22":0,"23":0,"24":0,"25":0,"26":0,"27":0,"28":0,"29":0,"30":0,"31":0,"32":0,"33":0,"34":0,"35":0,"36":0,"37":0,"38":0,"39":0,"40":0,"41":0,"42":0,"43":0,"44":0},"f":{"0":0,"1":0,"2":0,"3":0,"4":0,"5":0,"6":0},"b":{"0":[0],"1":[0],"2":[0],"3":[0,0],"4":[0,0,0],"5":[0,0],"6":[0,0],"7":[0,0],"8":[0,0,0],"9":[0,0],"10":[0,0],"11":[0,0,0],"12":[0,0],"13":[0,0],"14":[0,0]}}
,"C:\\Users\\mauri\\OneDrive\\Documents\\Second-year-Github-projects\\Care-Bear\\care-bear\\src\\lib\\taskStore.js": {"path":"C:\\Users\\mauri\\OneDrive\\Documents\\Second-year-Github-projects\\Care-Bear\\care-bear\\src\\lib\\taskStore.js","statementMap":{"0":{"start":{"line":5,"column":14},"end":{"line":5,"column":26}},"1":{"start":{"line":8,"column":1},"end":{"line":12,"column":2}},"2":{"start":{"line":9,"column":2},"end":{"line":9,"column":32}},"3":{"start":{"line":11,"column":2},"end":{"line":11,"column":47}},"4":{"start":{"line":16,"column":1},"end":{"line":26,"column":2}},"5":{"start":{"line":17,"column":18},"end":{"line":17,"column":40}},"6":{"start":{"line":18,"column":2},"end":{"line":23,"column":3}},"7":{"start":{"line":19,"column":3},"end":{"line":19,"column":49}},"8":{"start":{"line":20,"column":3},"end":{"line":20,"column":62}},"9":{"start":{"line":20,"column":34},"end":{"line":20,"column":60}},"10":{"start":{"line":22,"column":3},"end":{"line":22,"column":52}},"11":{"start":{"line":25,"column":2},"end":{"line":25,"column":45}},"12":{"start":{"line":30,"column":1},"end":{"line":38,"column":2}},"13":{"start":{"line":31,"column":18},"end":{"line":31,"column":56}},"14":{"start":{"line":32,"column":2},"end":{"line":35,"column":3}},"15":{"start":{"line":33,"column":3},"end":{"line":33,"column":49}},"16":{"start":{"line":34,"column":3},"end":{"line":34,"column":93}},"17":{"start":{"line":34,"column":27},"end":{"line":34,"column":91}},"18":{"start":{"line":34,"column":48},"end":{"line":34,"column":89}},"19":{"start":{"line":37,"column":2},"end":{"line":37,"column":47}},"20":{"start":{"line":42,"column":1},"end":{"line":47,"column":2}},"21":{"start":{"line":43,"column":2},"end":{"line":43,"column":28}},"22":{"start":{"line":44,"column":2},"end":{"line":44,"column":76}},"23":{"start":{"line":44,"column":26},"end":{"line":44,"column":74}},"24":{"start":{"line":44,"column":49},"end":{"line":44,"column":73}},"25":{"start":{"line":46,"column":2},"end":{"line":46,"column":47}},"26":{"start":{"line":51,"column":23},"end":{"line":54,"column":3}},"27":{"start":{"line":52,"column":19},"end":{"line":52,"column":42}},"28":{"start":{"line":53,"column":2},"end":{"line":53,"column":74}},"29":{"start":{"line":56,"column":21},"end":{"line":63,"column":7}},"30":{"start":{"line":57,"column":14},"end":{"line":57,"column":47}},"31":{"start":{"line":58,"column":2},"end":{"line":60,"column":3}},"32":{"start":{"line":59,"column":3},"end":{"line":59,"column":17}},"33":{"start":{"line":61,"column":2},"end":{"line":61,"column":22}},"34":{"start":{"line":62,"column":2},"end":{"line":62,"column":13}},"35":{"start":{"line":65,"column":1},"end":{"line":65,"column":20}},"36":{"start":{"line":69,"column":21},"end":{"line":74,"column":3}},"37":{"start":{"line":70,"column":19},"end":{"line":70,"column":42}},"38":{"start":{"line":71,"column":2},"end":{"line":73,"column":4}},"39":{"start":{"line":76,"column":1},"end":{"line":76,"column":20}},"40":{"start":{"line":80,"column":1},"end":{"line":91,"column":2}},"41":{"start":{"line":81,"column":22},"end":{"line":81,"column":78}},"42":{"start":{"line":82,"column":2},"end":{"line":88,"column":3}},"43":{"start":{"line":83,"column":3},"end":{"line":85,"column":5}},"44":{"start":{"line":84,"column":4},"end":{"line":84,"column":95}},"45":{"start":{"line":84,"column":32},"end":{"line":84,"column":93}},"46":{"start":{"line":87,"column":3},"end":{"line":87,"column":69}},"47":{"start":{"line":90,"column":2},"end":{"line":90,"column":72}},"48":{"start":{"line":96,"column":21},"end":{"line":96,"column":31}},"49":{"start":{"line":97,"column":23},"end":{"line":102,"column":3}},"50":{"start":{"line":98,"column":19},"end":{"line":98,"column":42}},"51":{"start":{"line":99,"column":19},"end":{"line":99,"column":41}},"52":{"start":{"line":101,"column":2},"end":{"line":101,"column":45}},"53":{"start":{"line":104,"column":1},"end":{"line":107,"column":4}},"54":{"start":{"line":106,"column":2},"end":{"line":106,"column":28}},"55":{"start":{"line":111,"column":21},"end":{"line":111,"column":31}},"56":{"start":{"line":112,"column":17},"end":{"line":112,"column":31}},"57":{"start":{"line":114,"column":23},"end":{"line":117,"column":3}},"58":{"start":{"line":115,"column":19},"end":{"line":115,"column":42}},"59":{"start":{"line":116,"column":2},"end":{"line":116,"column":69}},"60":{"start":{"line":119,"column":1},"end":{"line":121,"column":4}},"61":{"start":{"line":120,"column":2},"end":{"line":120,"column":24}},"62":{"start":{"line":125,"column":1},"end":{"line":127,"column":2}},"63":{"start":{"line":126,"column":2},"end":{"line":126,"column":83}},"64":{"start":{"line":131,"column":0},"end":{"line":131,"column":54}},"65":{"start":{"line":135,"column":1},"end":{"line":135,"column":15}}},"fnMap":{"0":{"name":"loadDbTasks","decl":{"start":{"line":7,"column":22},"end":{"line":7,"column":33}},"loc":{"start":{"line":7,"column":36},"end":{"line":13,"column":1}},"line":7},"1":{"name":"addDbTask","decl":{"start":{"line":15,"column":22},"end":{"line":15,"column":31}},"loc":{"start":{"line":15,"column":38},"end":{"line":27,"column":1}},"line":15},"2":{"name":"(anonymous_2)","decl":{"start":{"line":20,"column":16},"end":{"line":20,"column":17}},"loc":{"start":{"line":20,"column":34},"end":{"line":20,"column":60}},"line":20},"3":{"name":"updateDbTask","decl":{"start":{"line":29,"column":22},"end":{"line":29,"column":34}},"loc":{"start":{"line":29,"column":57},"end":{"line":39,"column":1}},"line":29},"4":{"name":"(anonymous_4)","decl":{"start":{"line":34,"column":16},"end":{"line":34,"column":17}},"loc":{"start":{"line":34,"column":27},"end":{"line":34,"column":91}},"line":34},"5":{"name":"(anonymous_5)","decl":{"start":{"line":34,"column":37},"end":{"line":34,"column":38}},"loc":{"start":{"line":34,"column":48},"end":{"line":34,"column":89}},"line":34},"6":{"name":"removeDbTask","decl":{"start":{"line":41,"column":22},"end":{"line":41,"column":34}},"loc":{"start":{"line":41,"column":44},"end":{"line":48,"column":1}},"line":41},"7":{"name":"(anonymous_7)","decl":{"start":{"line":44,"column":15},"end":{"line":44,"column":16}},"loc":{"start":{"line":44,"column":26},"end":{"line":44,"column":74}},"line":44},"8":{"name":"(anonymous_8)","decl":{"start":{"line":44,"column":39},"end":{"line":44,"column":40}},"loc":{"start":{"line":44,"column":49},"end":{"line":44,"column":73}},"line":44},"9":{"name":"getTasksForMonth","decl":{"start":{"line":50,"column":16},"end":{"line":50,"column":32}},"loc":{"start":{"line":50,"column":46},"end":{"line":66,"column":1}},"line":50},"10":{"name":"(anonymous_10)","decl":{"start":{"line":51,"column":41},"end":{"line":51,"column":42}},"loc":{"start":{"line":51,"column":51},"end":{"line":54,"column":2}},"line":51},"11":{"name":"(anonymous_11)","decl":{"start":{"line":56,"column":42},"end":{"line":56,"column":43}},"loc":{"start":{"line":56,"column":57},"end":{"line":63,"column":2}},"line":56},"12":{"name":"getTasksForDay","decl":{"start":{"line":68,"column":16},"end":{"line":68,"column":30}},"loc":{"start":{"line":68,"column":49},"end":{"line":77,"column":1}},"line":68},"13":{"name":"(anonymous_13)","decl":{"start":{"line":69,"column":39},"end":{"line":69,"column":40}},"loc":{"start":{"line":69,"column":49},"end":{"line":74,"column":2}},"line":69},"14":{"name":"toggleTaskCompletion","decl":{"start":{"line":79,"column":22},"end":{"line":79,"column":42}},"loc":{"start":{"line":79,"column":65},"end":{"line":92,"column":1}},"line":79},"15":{"name":"(anonymous_15)","decl":{"start":{"line":83,"column":16},"end":{"line":83,"column":17}},"loc":{"start":{"line":84,"column":4},"end":{"line":84,"column":95}},"line":84},"16":{"name":"(anonymous_16)","decl":{"start":{"line":84,"column":21},"end":{"line":84,"column":22}},"loc":{"start":{"line":84,"column":32},"end":{"line":84,"column":93}},"line":84},"17":{"name":"checkForUpcomingTasks","decl":{"start":{"line":95,"column":16},"end":{"line":95,"column":37}},"loc":{"start":{"line":95,"column":40},"end":{"line":108,"column":1}},"line":95},"18":{"name":"(anonymous_18)","decl":{"start":{"line":97,"column":41},"end":{"line":97,"column":42}},"loc":{"start":{"line":97,"column":51},"end":{"line":102,"column":2}},"line":97},"19":{"name":"(anonymous_19)","decl":{"start":{"line":104,"column":23},"end":{"line":104,"column":24}},"loc":{"start":{"line":104,"column":33},"end":{"line":107,"column":2}},"line":104},"20":{"name":"checkForUpcomingReminders","decl":{"start":{"line":110,"column":16},"end":{"line":110,"column":41}},"loc":{"start":{"line":110,"column":44},"end":{"line":122,"column":1}},"line":110},"21":{"name":"(anonymous_21)","decl":{"start":{"line":114,"column":41},"end":{"line":114,"column":42}},"loc":{"start":{"line":114,"column":51},"end":{"line":117,"column":2}},"line":114},"22":{"name":"(anonymous_22)","decl":{"start":{"line":119,"column":23},"end":{"line":119,"column":24}},"loc":{"start":{"line":119,"column":33},"end":{"line":121,"column":2}},"line":119},"23":{"name":"triggerReminder","decl":{"start":{"line":124,"column":9},"end":{"line":124,"column":24}},"loc":{"start":{"line":124,"column":31},"end":{"line":128,"column":1}},"line":124},"24":{"name":"logOut","decl":{"start":{"line":133,"column":9},"end":{"line":133,"column":15}},"loc":{"start":{"line":133,"column":18},"end":{"line":136,"column":1}},"line":133}},"branchMap":{"0":{"loc":{"start":{"line":18,"column":2},"end":{"line":23,"column":3}},"type":"if","locations":[{"start":{"line":18,"column":2},"end":{"line":23,"column":3}},{"start":{"line":21,"column":9},"end":{"line":23,"column":3}}],"line":18},"1":{"loc":{"start":{"line":32,"column":2},"end":{"line":35,"column":3}},"type":"if","locations":[{"start":{"line":32,"column":2},"end":{"line":35,"column":3}},{"start":{},"end":{}}],"line":32},"2":{"loc":{"start":{"line":34,"column":48},"end":{"line":34,"column":89}},"type":"cond-expr","locations":[{"start":{"line":34,"column":75},"end":{"line":34,"column":82}},{"start":{"line":34,"column":85},"end":{"line":34,"column":89}}],"line":34},"3":{"loc":{"start":{"line":53,"column":9},"end":{"line":53,"column":73}},"type":"binary-expr","locations":[{"start":{"line":53,"column":9},"end":{"line":53,"column":40}},{"start":{"line":53,"column":44},"end":{"line":53,"column":73}}],"line":53},"4":{"loc":{"start":{"line":58,"column":2},"end":{"line":60,"column":3}},"type":"if","locations":[{"start":{"line":58,"column":2},"end":{"line":60,"column":3}},{"start":{},"end":{}}],"line":58},"5":{"loc":{"start":{"line":72,"column":3},"end":{"line":72,"column":97}},"type":"binary-expr","locations":[{"start":{"line":72,"column":3},"end":{"line":72,"column":34}},{"start":{"line":72,"column":38},"end":{"line":72,"column":67}},{"start":{"line":72,"column":71},"end":{"line":72,"column":97}}],"line":72},"6":{"loc":{"start":{"line":82,"column":2},"end":{"line":88,"column":3}},"type":"if","locations":[{"start":{"line":82,"column":2},"end":{"line":88,"column":3}},{"start":{"line":86,"column":9},"end":{"line":88,"column":3}}],"line":82},"7":{"loc":{"start":{"line":84,"column":32},"end":{"line":84,"column":93}},"type":"cond-expr","locations":[{"start":{"line":84,"column":59},"end":{"line":84,"column":86}},{"start":{"line":84,"column":89},"end":{"line":84,"column":93}}],"line":84},"8":{"loc":{"start":{"line":101,"column":9},"end":{"line":101,"column":44}},"type":"binary-expr","locations":[{"start":{"line":101,"column":9},"end":{"line":101,"column":21}},{"start":{"line":101,"column":25},"end":{"line":101,"column":44}}],"line":101},"9":{"loc":{"start":{"line":116,"column":9},"end":{"line":116,"column":68}},"type":"binary-expr","locations":[{"start":{"line":116,"column":9},"end":{"line":116,"column":42}},{"start":{"line":116,"column":46},"end":{"line":116,"column":68}}],"line":116},"10":{"loc":{"start":{"line":125,"column":1},"end":{"line":127,"column":2}},"type":"if","locations":[{"start":{"line":125,"column":1},"end":{"line":127,"column":2}},{"start":{},"end":{}}],"line":125}},"s":{"0":0,"1":0,"2":0,"3":0,"4":0,"5":0,"6":0,"7":0,"8":0,"9":0,"10":0,"11":0,"12":0,"13":0,"14":0,"15":0,"16":0,"17":0,"18":0,"19":0,"20":0,"21":0,"22":0,"23":0,"24":0,"25":0,"26":0,"27":0,"28":0,"29":0,"30":0,"31":0,"32":0,"33":0,"34":0,"35":0,"36":0,"37":0,"38":0,"39":0,"40":0,"41":0,"42":0,"43":0,"44":0,"45":0,"46":0,"47":0,"48":0,"49":0,"50":0,"51":0,"52":0,"53":0,"54":0,"55":0,"56":0,"57":0,"58":0,"59":0,"60":0,"61":0,"62":0,"63":0,"64":0,"65":0},"f":{"0":0,"1":0,"2":0,"3":0,"4":0,"5":0,"6":0,"7":0,"8":0,"9":0,"10":0,"11":0,"12":0,"13":0,"14":0,"15":0,"16":0,"17":0,"18":0,"19":0,"20":0,"21":0,"22":0,"23":0,"24":0},"b":{"0":[0,0],"1":[0,0],"2":[0,0],"3":[0,0],"4":[0,0],"5":[0,0,0],"6":[0,0],"7":[0,0],"8":[0,0],"9":[0,0],"10":[0,0]}}
,"C:\\Users\\mauri\\OneDrive\\Documents\\Second-year-Github-projects\\Care-Bear\\care-bear\\src\\lib\\userPreference.js": {"path":"C:\\Users\\mauri\\OneDrive\\Documents\\Second-year-Github-projects\\Care-Bear\\care-bear\\src\\lib\\userPreference.js","statementMap":{"0":{"start":{"line":6,"column":26},"end":{"line":10,"column":17}},"1":{"start":{"line":12,"column":4},"end":{"line":12,"column":27}},"2":{"start":{"line":12,"column":15},"end":{"line":12,"column":27}},"3":{"start":{"line":13,"column":4},"end":{"line":13,"column":48}},"4":{"start":{"line":17,"column":20},"end":{"line":20,"column":30}},"5":{"start":{"line":22,"column":4},"end":{"line":22,"column":27}},"6":{"start":{"line":22,"column":15},"end":{"line":22,"column":27}}},"fnMap":{"0":{"name":"fetchUserPreferences","decl":{"start":{"line":5,"column":22},"end":{"line":5,"column":42}},"loc":{"start":{"line":5,"column":51},"end":{"line":14,"column":1}},"line":5},"1":{"name":"updateUserPreferences","decl":{"start":{"line":16,"column":22},"end":{"line":16,"column":43}},"loc":{"start":{"line":16,"column":69},"end":{"line":23,"column":1}},"line":16}},"branchMap":{"0":{"loc":{"start":{"line":12,"column":4},"end":{"line":12,"column":27}},"type":"if","locations":[{"start":{"line":12,"column":4},"end":{"line":12,"column":27}},{"start":{},"end":{}}],"line":12},"1":{"loc":{"start":{"line":13,"column":11},"end":{"line":13,"column":47}},"type":"cond-expr","locations":[{"start":{"line":13,"column":18},"end":{"line":13,"column":39}},{"start":{"line":13,"column":42},"end":{"line":13,"column":47}}],"line":13},"2":{"loc":{"start":{"line":22,"column":4},"end":{"line":22,"column":27}},"type":"if","locations":[{"start":{"line":22,"column":4},"end":{"line":22,"column":27}},{"start":{},"end":{}}],"line":22}},"s":{"0":0,"1":0,"2":0,"3":0,"4":0,"5":0,"6":0},"f":{"0":0,"1":0},"b":{"0":[0,0],"1":[0,0],"2":[0,0]}}
,"C:\\Users\\mauri\\OneDrive\\Documents\\Second-year-Github-projects\\Care-Bear\\care-bear\\src\\lib\\userStore.js": {"path":"C:\\Users\\mauri\\OneDrive\\Documents\\Second-year-Github-projects\\Care-Bear\\care-bear\\src\\lib\\userStore.js","statementMap":{"0":{"start":{"line":7,"column":21},"end":{"line":12,"column":1}},"1":{"start":{"line":14,"column":18},"end":{"line":14,"column":40}},"2":{"start":{"line":16,"column":19},"end":{"line":39,"column":1}},"3":{"start":{"line":17,"column":1},"end":{"line":38,"column":2}},"4":{"start":{"line":19,"column":28},"end":{"line":19,"column":32}},"5":{"start":{"line":21,"column":2},"end":{"line":35,"column":3}},"6":{"start":{"line":23,"column":55},"end":{"line":23,"column":62}},"7":{"start":{"line":24,"column":22},"end":{"line":24,"column":62}},"8":{"start":{"line":26,"column":3},"end":{"line":31,"column":6}},"9":{"start":{"line":33,"column":3},"end":{"line":33,"column":94}},"10":{"start":{"line":34,"column":3},"end":{"line":34,"column":31}},"11":{"start":{"line":37,"column":2},"end":{"line":37,"column":30}},"12":{"start":{"line":41,"column":15},"end":{"line":48,"column":1}},"13":{"start":{"line":42,"column":1},"end":{"line":42,"column":31}},"14":{"start":{"line":43,"column":1},"end":{"line":43,"column":29}},"15":{"start":{"line":44,"column":1},"end":{"line":44,"column":20}},"16":{"start":{"line":45,"column":1},"end":{"line":45,"column":23}},"17":{"start":{"line":47,"column":1},"end":{"line":47,"column":27}}},"fnMap":{"0":{"name":"(anonymous_0)","decl":{"start":{"line":16,"column":19},"end":{"line":16,"column":20}},"loc":{"start":{"line":16,"column":29},"end":{"line":39,"column":1}},"line":16},"1":{"name":"(anonymous_1)","decl":{"start":{"line":41,"column":15},"end":{"line":41,"column":16}},"loc":{"start":{"line":41,"column":27},"end":{"line":48,"column":1}},"line":41}},"branchMap":{"0":{"loc":{"start":{"line":17,"column":1},"end":{"line":38,"column":2}},"type":"if","locations":[{"start":{"line":17,"column":1},"end":{"line":38,"column":2}},{"start":{"line":36,"column":8},"end":{"line":38,"column":2}}],"line":17},"1":{"loc":{"start":{"line":21,"column":2},"end":{"line":35,"column":3}},"type":"if","locations":[{"start":{"line":21,"column":2},"end":{"line":35,"column":3}},{"start":{"line":32,"column":9},"end":{"line":35,"column":3}}],"line":21},"2":{"loc":{"start":{"line":21,"column":6},"end":{"line":21,"column":21}},"type":"binary-expr","locations":[{"start":{"line":21,"column":6},"end":{"line":21,"column":13}},{"start":{"line":21,"column":17},"end":{"line":21,"column":21}}],"line":21}},"s":{"0":0,"1":0,"2":0,"3":0,"4":0,"5":0,"6":0,"7":0,"8":0,"9":0,"10":0,"11":0,"12":0,"13":0,"14":0,"15":0,"16":0,"17":0},"f":{"0":0,"1":0},"b":{"0":[0,0],"1":[0,0],"2":[0,0]}}
,"C:\\Users\\mauri\\OneDrive\\Documents\\Second-year-Github-projects\\Care-Bear\\care-bear\\src\\lib\\components\\Calendar.svelte": {"path":"C:\\Users\\mauri\\OneDrive\\Documents\\Second-year-Github-projects\\Care-Bear\\care-bear\\src\\lib\\components\\Calendar.svelte","statementMap":{"0":{"start":{"line":124,"column":5},"end":{"line":124,"column":null}},"1":{"start":{"line":133,"column":7},"end":{"line":133,"column":null}},"2":{"start":{"line":135,"column":8},"end":{"line":138,"column":null}},"3":{"start":{"line":131,"column":18},"end":{"line":131,"column":null}},"4":{"start":{"line":127,"column":5},"end":{"line":141,"column":null}},"5":{"start":{"line":134,"column":6},"end":{"line":140,"column":null}},"6":{"start":{"line":133,"column":10},"end":{"line":133,"column":null}},"7":{"start":{"line":138,"column":22},"end":{"line":138,"column":null}},"8":{"start":{"line":148,"column":84},"end":{"line":149,"column":22}},"9":{"start":{"line":149,"column":22},"end":{"line":149,"column":null}},"10":{"start":{"line":147,"column":4},"end":{"line":152,"column":null}},"11":{"start":{"line":148,"column":5},"end":{"line":150,"column":null}},"12":{"start":{"line":151,"column":30},"end":{"line":151,"column":null}},"13":{"start":{"line":95,"column":6},"end":{"line":99,"column":null}},"14":{"start":{"line":123,"column":11},"end":{"line":123,"column":null}},"15":{"start":{"line":123,"column":6},"end":{"line":123,"column":10}},"16":{"start":{"line":126,"column":11},"end":{"line":126,"column":null}},"17":{"start":{"line":126,"column":6},"end":{"line":126,"column":10}},"18":{"start":{"line":146,"column":8},"end":{"line":146,"column":null}},"19":{"start":{"line":73,"column":84},"end":{"line":73,"column":null}},"20":{"start":{"line":72,"column":0},"end":{"line":156,"column":null}},"21":{"start":{"line":75,"column":1},"end":{"line":155,"column":null}},"22":{"start":{"line":78,"column":2},"end":{"line":154,"column":null}},"23":{"start":{"line":80,"column":3},"end":{"line":108,"column":null}},"24":{"start":{"line":81,"column":4},"end":{"line":87,"column":null}},"25":{"start":{"line":88,"column":4},"end":{"line":100,"column":null}},"26":{"start":{"line":101,"column":4},"end":{"line":107,"column":null}},"27":{"start":{"line":111,"column":3},"end":{"line":119,"column":null}},"28":{"start":{"line":112,"column":4},"end":{"line":112,"column":null}},"29":{"start":{"line":113,"column":4},"end":{"line":113,"column":null}},"30":{"start":{"line":114,"column":4},"end":{"line":114,"column":null}},"31":{"start":{"line":115,"column":4},"end":{"line":115,"column":null}},"32":{"start":{"line":116,"column":4},"end":{"line":116,"column":null}},"33":{"start":{"line":117,"column":4},"end":{"line":117,"column":null}},"34":{"start":{"line":118,"column":4},"end":{"line":118,"column":null}},"35":{"start":{"line":122,"column":3},"end":{"line":143,"column":null}},"36":{"start":{"line":99,"column":20},"end":{"line":99,"column":null}},"37":{"start":{"line":123,"column":6},"end":{"line":123,"column":11}},"38":{"start":{"line":126,"column":6},"end":{"line":126,"column":11}},"39":{"start":{"line":6,"column":17},"end":{"line":6,"column":null}},"40":{"start":{"line":10,"column":16},"end":{"line":10,"column":null}},"41":{"start":{"line":11,"column":14},"end":{"line":11,"column":null}},"42":{"start":{"line":14,"column":2},"end":{"line":14,"column":null}},"43":{"start":{"line":15,"column":2},"end":{"line":15,"column":null}},"44":{"start":{"line":16,"column":2},"end":{"line":16,"column":null}},"45":{"start":{"line":20,"column":2},"end":{"line":20,"column":null}},"46":{"start":{"line":21,"column":2},"end":{"line":21,"column":null}},"47":{"start":{"line":25,"column":23},"end":{"line":29,"column":null}},"48":{"start":{"line":30,"column":15},"end":{"line":30,"column":null}},"49":{"start":{"line":32,"column":2},"end":{"line":32,"column":null}},"50":{"start":{"line":33,"column":2},"end":{"line":33,"column":null}},"51":{"start":{"line":33,"column":58},"end":{"line":33,"column":63}},"52":{"start":{"line":36,"column":11},"end":{"line":36,"column":null}},"53":{"start":{"line":38,"column":22},"end":{"line":38,"column":27}},"54":{"start":{"line":40,"column":17},"end":{"line":40,"column":19}},"55":{"start":{"line":41,"column":17},"end":{"line":41,"column":19}},"56":{"start":{"line":44,"column":2},"end":{"line":44,"column":null}},"57":{"start":{"line":45,"column":2},"end":{"line":45,"column":null}},"58":{"start":{"line":50,"column":3},"end":{"line":50,"column":null}},"59":{"start":{"line":53,"column":21},"end":{"line":53,"column":null}},"60":{"start":{"line":55,"column":3},"end":{"line":55,"column":null}},"61":{"start":{"line":57,"column":2},"end":{"line":57,"column":null}},"62":{"start":{"line":60,"column":2},"end":{"line":60,"column":null}},"63":{"start":{"line":62,"column":2},"end":{"line":62,"column":null}},"64":{"start":{"line":63,"column":2},"end":{"line":63,"column":null}},"65":{"start":{"line":64,"column":2},"end":{"line":64,"column":null}},"66":{"start":{"line":68,"column":9},"end":{"line":68,"column":null}},"67":{"start":{"line":68,"column":39},"end":{"line":68,"column":78}},"68":{"start":{"line":83,"column":21},"end":{"line":83,"column":null}},"69":{"start":{"line":103,"column":21},"end":{"line":103,"column":null}},"70":{"start":{"line":129,"column":22},"end":{"line":129,"column":null}},"71":{"start":{"line":5,"column":1},"end":{"line":5,"column":null}},"72":{"start":{"line":5,"column":2},"end":{"line":5,"column":null}}},"fnMap":{"0":{"name":"(anonymous_33)","decl":{"start":{"line":33,"column":44},"end":{"line":33,"column":49}},"loc":{"start":{"line":33,"column":58},"end":{"line":33,"column":63}}},"1":{"name":"(anonymous_37)","decl":{"start":{"line":68,"column":34},"end":{"line":68,"column":39}},"loc":{"start":{"line":68,"column":39},"end":{"line":68,"column":78}}},"2":{"name":"(anonymous_39)","decl":{"start":{"line":83,"column":21},"end":{"line":83,"column":32}},"loc":{"start":{"line":83,"column":21},"end":{"line":83,"column":null}}},"3":{"name":"(anonymous_40)","decl":{"start":{"line":103,"column":21},"end":{"line":103,"column":32}},"loc":{"start":{"line":103,"column":21},"end":{"line":103,"column":null}}},"4":{"name":"(anonymous_41)","decl":{"start":{"line":129,"column":22},"end":{"line":129,"column":36}},"loc":{"start":{"line":129,"column":22},"end":{"line":129,"column":null}}}},"branchMap":{"0":{"loc":{"start":{"line":133,"column":7},"end":{"line":133,"column":null}},"type":"if","locations":[{"start":{"line":133,"column":7},"end":{"line":133,"column":null}}]},"1":{"loc":{"start":{"line":133,"column":7},"end":{"line":133,"column":null}},"type":"binary-expr","locations":[{"start":{"line":133,"column":7},"end":{"line":133,"column":10}},{"start":{"line":133,"column":7},"end":{"line":133,"column":null}}]},"2":{"loc":{"start":{"line":135,"column":8},"end":{"line":138,"column":null}},"type":"if","locations":[{"start":{"line":135,"column":8},"end":{"line":138,"column":null}}]},"3":{"loc":{"start":{"line":135,"column":8},"end":{"line":138,"column":null}},"type":"binary-expr","locations":[{"start":{"line":135,"column":8},"end":{"line":135,"column":21}},{"start":{"line":135,"column":8},"end":{"line":138,"column":null}}]},"4":{"loc":{"start":{"line":131,"column":18},"end":{"line":131,"column":null}},"type":"binary-expr","locations":[{"start":{"line":131,"column":18},"end":{"line":131,"column":21}},{"start":{"line":131,"column":18},"end":{"line":131,"column":null}}]},"5":{"loc":{"start":{"line":149,"column":22},"end":{"line":149,"column":null}},"type":"if","locations":[{"start":{"line":149,"column":22},"end":{"line":149,"column":null}}]},"6":{"loc":{"start":{"line":149,"column":22},"end":{"line":149,"column":34}},"type":"binary-expr","locations":[{"start":{"line":149,"column":22},"end":{"line":149,"column":34}},{"start":{"line":149,"column":22},"end":{"line":149,"column":34}}]},"7":{"loc":{"start":{"line":151,"column":30},"end":{"line":151,"column":null}},"type":"if","locations":[{"start":{"line":151,"column":30},"end":{"
[...]
,"C:\\Users\\mauri\\OneDrive\\Documents\\Second-year-Github-projects\\Care-Bear\\care-bear\\src\\routes\\mood\\side\\+page.svelte": {"path":"C:\\Users\\mauri\\OneDrive\\Documents\\Second-year-Github-projects\\Care-Bear\\care-bear\\src\\routes\\mood\\side\\+page.svelte","statementMap":{"0":{"start":{"line":1,"column":0},"end":{"line":7,"column":null}},"1":{"start":{"line":2,"column":4},"end":{"line":6,"column":null}},"2":{"start":{"line":3,"column":8},"end":{"line":3,"column":null}},"3":{"start":{"line":4,"column":8},"end":{"line":4,"column":null}},"4":{"start":{"line":5,"column":8},"end":{"line":5,"column":null}}},"fnMap":{},"branchMap":{},"s":{"0":0,"1":0,"2":0,"3":0,"4":0},"f":{},"b":{}}
,"C:\\Users\\mauri\\OneDrive\\Documents\\Second-year-Github-projects\\Care-Bear\\care-bear\\src\\routes\\mood\\stressed\\+page.svelte": {"path":"C:\\Users\\mauri\\OneDrive\\Documents\\Second-year-Github-projects\\Care-Bear\\care-bear\\src\\routes\\mood\\stressed\\+page.svelte","statementMap":{"0":{"start":{"line":106,"column":19},"end":{"line":106,"column":null}},"1":{"start":{"line":106,"column":14},"end":{"line":106,"column":18}},"2":{"start":{"line":106,"column":14},"end":{"line":106,"column":19}},"3":{"start":{"line":107,"column":45},"end":{"line":107,"column":54}},"4":{"start":{"line":107,"column":14},"end":{"line":107,"column":null}},"5":{"start":{"line":105,"column":15},"end":{"line":105,"column":null}},"6":{"start":{"line":103,"column":13},"end":{"line":103,"column":null}},"7":{"start":{"line":101,"column":8},"end":{"line":110,"column":null}},"8":{"start":{"line":102,"column":10},"end":{"line":104,"column":null}},"9":{"start":{"line":100,"column":13},"end":{"line":100,"column":null}},"10":{"start":{"line":100,"column":8},"end":{"line":100,"column":12}},"11":{"start":{"line":86,"column":0},"end":{"line":116,"column":null}},"12":{"start":{"line":87,"column":0},"end":{"line":115,"column":null}},"13":{"start":{"line":89,"column":2},"end":{"line":92,"column":null}},"14":{"start":{"line":90,"column":4},"end":{"line":90,"column":null}},"15":{"start":{"line":91,"column":4},"end":{"line":91,"column":null}},"16":{"start":{"line":95,"column":2},"end":{"line":114,"column":null}},"17":{"start":{"line":97,"column":4},"end":{"line":113,"column":null}},"18":{"start":{"line":98,"column":6},"end":{"line":98,"column":null}},"19":{"start":{"line":99,"column":6},"end":{"line":112,"column":null}},"20":{"start":{"line":100,"column":8},"end":{"line":100,"column":13}},"21":{"start":{"line":79,"column":20},"end":{"line":79,"column":24}},"22":{"start":{"line":82,"column":2},"end":{"line":82,"column":null}},"23":{"start":{"line":102,"column":61},"end":{"line":102,"column":null}}},"fnMap":{"0":{"name":"(anonymous_26)","decl":{"start":{"line":102,"column":61},"end":{"line":102,"column":78}},"loc":{"start":{"line":102,"column":61},"end":{"line":102,"column":null}}}},"branchMap":{"0":{"loc":{"start":{"line":105,"column":15},"end":{"line":105,"column":null}},"type":"binary-expr","locations":[{"start":{"line":105,"column":15},"end":{"line":105,"column":null}},{"start":{"line":105,"column":38},"end":{"line":105,"column":null}}]},"1":{"loc":{"start":{"line":82,"column":18},"end":{"line":82,"column":56}},"type":"cond-expr","locations":[{"start":{"line":82,"column":44},"end":{"line":82,"column":48}},{"start":{"line":82,"column":51},"end":{"line":82,"column":56}}]}},"s":{"0":0,"1":0,"2":0,"3":0,"4":0,"5":0,"6":0,"7":0,"8":0,"9":0,"10":0,"11":0,"12":0,"13":0,"14":0,"15":0,"16":0,"17":0,"18":0,"19":0,"20":0,"21":0,"22":0,"23":0},"f":{"0":0},"b":{"0":[0,0],"1":[0,0]}}
,"C:\\Users\\mauri\\OneDrive\\Documents\\Second-year-Github-projects\\Care-Bear\\care-bear\\src\\routes\\mood\\upset\\+page.svelte": {"path":"C:\\Users\\mauri\\OneDrive\\Documents\\Second-year-Github-projects\\Care-Bear\\care-bear\\src\\routes\\mood\\upset\\+page.svelte","statementMap":{"0":{"start":{"line":114,"column":19},"end":{"line":114,"column":null}},"1":{"start":{"line":114,"column":14},"end":{"line":114,"column":18}},"2":{"start":{"line":114,"column":14},"end":{"line":114,"column":19}},"3":{"start":{"line":115,"column":45},"end":{"line":115,"column":54}},"4":{"start":{"line":115,"column":14},"end":{"line":115,"column":null}},"5":{"start":{"line":113,"column":15},"end":{"line":113,"column":null}},"6":{"start":{"line":111,"column":13},"end":{"line":111,"column":null}},"7":{"start":{"line":109,"column":8},"end":{"line":118,"column":null}},"8":{"start":{"line":110,"column":10},"end":{"line":112,"column":null}},"9":{"start":{"line":108,"column":13},"end":{"line":108,"column":null}},"10":{"start":{"line":108,"column":8},"end":{"line":108,"column":12}},"11":{"start":{"line":94,"column":0},"end":{"line":124,"column":null}},"12":{"start":{"line":95,"column":0},"end":{"line":123,"column":null}},"13":{"start":{"line":97,"column":2},"end":{"line":100,"column":null}},"14":{"start":{"line":98,"column":4},"end":{"line":98,"column":null}},"15":{"start":{"line":99,"column":4},"end":{"line":99,"column":null}},"16":{"start":{"line":103,"column":2},"end":{"line":122,"column":null}},"17":{"start":{"line":105,"column":4},"end":{"line":121,"column":null}},"18":{"start":{"line":106,"column":6},"end":{"line":106,"column":null}},"19":{"start":{"line":107,"column":6},"end":{"line":120,"column":null}},"20":{"start":{"line":108,"column":8},"end":{"line":108,"column":13}},"21":{"start":{"line":87,"column":20},"end":{"line":87,"column":24}},"22":{"start":{"line":90,"column":2},"end":{"line":90,"column":null}},"23":{"start":{"line":110,"column":61},"end":{"line":110,"column":null}}},"fnMap":{"0":{"name":"(anonymous_26)","decl":{"start":{"line":110,"column":61},"end":{"line":110,"column":78}},"loc":{"start":{"line":110,"column":61},"end":{"line":110,"column":null}}}},"branchMap":{"0":{"loc":{"start":{"line":113,"column":15},"end":{"line":113,"column":null}},"type":"binary-expr","locations":[{"start":{"line":113,"column":15},"end":{"line":113,"column":null}},{"start":{"line":113,"column":38},"end":{"line":113,"column":null}}]},"1":{"loc":{"start":{"line":90,"column":18},"end":{"line":90,"column":56}},"type":"cond-expr","locations":[{"start":{"line":90,"column":44},"end":{"line":90,"column":48}},{"start":{"line":90,"column":51},"end":{"line":90,"column":56}}]}},"s":{"0":0,"1":0,"2":0,"3":0,"4":0,"5":0,"6":0,"7":0,"8":0,"9":0,"10":0,"11":0,"12":0,"13":0,"14":0,"15":0,"16":0,"17":0,"18":0,"19":0,"20":0,"21":0,"22":0,"23":0},"f":{"0":0},"b":{"0":[0,0],"1":[0,0]}}
,"C:\\Users\\mauri\\OneDrive\\Documents\\Second-year-Github-projects\\Care-Bear\\care-bear\\src\\routes\\mood\\yoga\\+page.svelte": {"path":"C:\\Users\\mauri\\OneDrive\\Documents\\Second-year-Github-projects\\Care-Bear\\care-bear\\src\\routes\\mood\\yoga\\+page.svelte","statementMap":{"0":{"start":{"line":37,"column":42},"end":{"line":37,"column":52}},"1":{"start":{"line":38,"column":32},"end":{"line":38,"column":48}},"2":{"start":{"line":34,"column":19},"end":{"line":34,"column":85}},"3":{"start":{"line":34,"column":27},"end":{"line":34,"column":85}},"4":{"start":{"line":32,"column":4},"end":{"line":40,"column":null}},"5":{"start":{"line":33,"column":5},"end":{"line":35,"column":null}},"6":{"start":{"line":34,"column":6},"end":{"line":34,"column":null}},"7":{"start":{"line":36,"column":5},"end":{"line":39,"column":null}},"8":{"start":{"line":37,"column":6},"end":{"line":37,"column":null}},"9":{"start":{"line":38,"column":6},"end":{"line":38,"column":null}},"10":{"start":{"line":31,"column":10},"end":{"line":31,"column":null}},"11":{"start":{"line":31,"column":5},"end":{"line":31,"column":9}},"12":{"start":{"line":20,"column":0},"end":{"line":154,"column":null}},"13":{"start":{"line":22,"column":1},"end":{"line":25,"column":null}},"14":{"start":{"line":23,"column":2},"end":{"line":23,"column":null}},"15":{"start":{"line":24,"column":2},"end":{"line":24,"column":null}},"16":{"start":{"line":28,"column":1},"end":{"line":148,"column":null}},"17":{"start":{"line":30,"column":2},"end":{"line":42,"column":null}},"18":{"start":{"line":45,"column":2},"end":{"line":147,"column":null}},"19":{"start":{"line":46,"column":3},"end":{"line":46,"column":null}},"20":{"start":{"line":47,"column":3},"end":{"line":146,"column":null}},"21":{"start":{"line":48,"column":4},"end":{"line":145,"column":null}},"22":{"start":{"line":49,"column":5},"end":{"line":67,"column":null}},"23":{"start":{"line":50,"column":6},"end":{"line":66,"column":null}},"24":{"start":{"line":51,"column":7},"end":{"line":64,"column":null}},"25":{"start":{"line":58,"column":8},"end":{"line":63,"column":null}},"26":{"start":{"line":65,"column":7},"end":{"line":65,"column":null}},"27":{"start":{"line":68,"column":5},"end":{"line":86,"column":null}},"28":{"start":{"line":69,"column":6},"end":{"line":85,"column":null}},"29":{"start":{"line":70,"column":7},"end":{"line":83,"column":null}},"30":{"start":{"line":77,"column":8},"end":{"line":82,"column":null}},"31":{"start":{"line":84,"column":7},"end":{"line":84,"column":null}},"32":{"start":{"line":87,"column":5},"end":{"line":105,"column":null}},"33":{"start":{"line":88,"column":6},"end":{"line":104,"column":null}},"34":{"start":{"line":89,"column":7},"end":{"line":102,"column":null}},"35":{"start":{"line":96,"column":8},"end":{"line":101,"column":null}},"36":{"start":{"line":103,"column":7},"end":{"line":103,"column":null}},"37":{"start":{"line":106,"column":5},"end":{"line":124,"column":null}},"38":{"start":{"line":107,"column":6},"end":{"line":123,"column":null}},"39":{"start":{"line":108,"column":7},"end":{"line":121,"column":null}},"40":{"start":{"line":115,"column":8},"end":{"line":120,"column":null}},"41":{"start":{"line":122,"column":7},"end":{"line":122,"column":null}},"42":{"start":{"line":125,"column":5},"end":{"line":144,"column":null}},"43":{"start":{"line":126,"column":6},"end":{"line":143,"column":null}},"44":{"start":{"line":127,"column":7},"end":{"line":140,"column":null}},"45":{"start":{"line":134,"column":8},"end":{"line":139,"column":null}},"46":{"start":{"line":141,"column":7},"end":{"line":142,"column":null}},"47":{"start":{"line":151,"column":1},"end":{"line":153,"column":null}},"48":{"start":{"line":152,"column":2},"end":{"line":152,"column":null}},"49":{"start":{"line":31,"column":5},"end":{"line":31,"column":10}}},"fnMap":{},"branchMap":{"0":{"loc":{"start":{"line":34,"column":19},"end":{"line":34,"column":85}},"type":"if","locations":[{"start":{"line":34,"column":19},"end":{"line":34,"column":85}}]}},"s":{"0":0,"1":0,"2":0,"3":0,"4":0,"5":0,"6":0,"7":0,"8":0,"9":0,"10":0,"11":0,"12":0,"13":0,"14":0,"15":0,"16":0,"17":0,"18":0,"19":0,"20":0,"21":0,"22":0,"23":0,"24":0,"25":0,"26":0,"27":0,"28":0,"29":0,"30":0,"31":0,"32":0,"33":0,"34":0,"35":0,"36":0,"37":0,"38":0,"39":0,"40":0,"41":0,"42":0,"43":0,"44":0,"45":0,"46":0,"47":0,"48":0,"49":0},"f":{},"b":{"0":[0]}}
,"C:\\Users\\mauri\\OneDrive\\Documents\\Second-year-Github-projects\\Care-Bear\\care-bear\\src\\routes\\profile\\+page.svelte": {"path":"C:\\Users\\mauri\\OneDrive\\Documents\\Second-year-Github-projects\\Care-Bear\\care-bear\\src\\routes\\profile\\+page.svelte","statementMap":{"0":{"start":{"line":22,"column":0},"end":{"line":24,"column":null}}},"fnMap":{},"branchMap":{},"s":{"0":0},"f":{},"b":{}}
,"C:\\Users\\mauri\\OneDrive\\Documents\\Second-year-Github-projects\\Care-Bear\\care-bear\\src\\routes\\task\\+page.svelte": {"path":"C:\\Users\\mauri\\OneDrive\\Documents\\Second-year-Github-projects\\Care-Bear\\care-bear\\src\\routes\\task\\+page.svelte","statementMap":{"0":{"start":{"line":41,"column":16},"end":{"line":41,"column":48}},"1":{"start":{"line":41,"column":20},"end":{"line":41,"column":48}},"2":{"start":{"line":38,"column":4},"end":{"line":43,"column":null}},"3":{"start":{"line":39,"column":5},"end":{"line":39,"column":null}},"4":{"start":{"line":39,"column":61},"end":{"line":39,"column":83}},"5":{"start":{"line":40,"column":5},"end":{"line":42,"column":null}},"6":{"start":{"line":41,"column":6},"end":{"line":41,"column":null}},"7":{"start":{"line":40,"column":47},"end":{"line":40,"column":null}},"8":{"start":{"line":34,"column":16},"end":{"line":34,"column":44}},"9":{"start":{"line":34,"column":18},"end":{"line":34,"column":44}},"10":{"start":{"line":27,"column":4},"end":{"line":29,"column":null}},"11":{"start":{"line":31,"column":4},"end":{"line":36,"column":null}},"12":{"start":{"line":32,"column":5},"end":{"line":32,"column":null}},"13":{"start":{"line":32,"column":61},"end":{"line":32,"column":80}},"14":{"start":{"line":33,"column":5},"end":{"line":35,"column":null}},"15":{"start":{"line":34,"column":6},"end":{"line":34,"column":null}},"16":{"start":{"line":33,"column":47},"end":{"line":33,"column":null}},"17":{"start":{"line":26,"column":8},"end":{"line":26,"column":null}},"18":{"start":{"line":26,"column":23},"end":{"line":26,"column":null}},"19":{"start":{"line":25,"column":14},"end":{"line":25,"column":null}},"20":{"start":{"line":22,"column":0},"end":{"line":51,"column":null}},"21":{"start":{"line":23,"column":1},"end":{"line":50,"column":null}},"22":{"start":{"line":25,"column":2},"end":{"line":45,"column":null}},"23":{"start":{"line":47,"column":2},"end":{"line":49,"column":null}},"24":{"start":{"line":48,"column":20},"end":{"line":48,"column":45}},"25":{"start":{"line":12,"column":8},"end":{"line":12,"column":null}},"26":{"start":{"line":15,"column":23},"end":{"line":15,"column":28}},"27":{"start":{"line":18,"column":2},"end":{"line":18,"column":null}}},"fnMap":{},"branchMap":{"0":{"loc":{"start":{"line":41,"column":16},"end":{"line":41,"column":48}},"type":"if","locations":[{"start":{"line":41,"column":16},"end":{"line":41,"column":48}}]},"1":{"loc":{"start":{"line":34,"column":16},"end":{"line":34,"column":44}},"type":"if","locations":[{"start":{"line":34,"column":16},"end":{"line":34,"column":44}}]},"2":{"loc":{"start":{"line":26,"column":8},"end":{"line":26,"column":null}},"type":"if","locations":[{"start":{"line":26,"column":8},"end":{"line":26,"column":null}}]},"3":{"loc":{"start":{"line":25,"column":14},"end":{"line":25,"column":56}},"type":"cond-expr","locations":[{"start":{"line":25,"column":32},"end":{"line":25,"column":51}},{"start":{"line":25,"column":54},"end":{"line":25,"column":56}}]},"4":{"loc":{"start":{"line":25,"column":14},"end":{"line":25,"column":null}},"type":"binary-expr","locations":[{"start":{"line":25,"column":14},"end":{"line":25,"column":29}},{"start":{"line":25,"column":14},"end":{"line":25,"column":29}},{"start":{"line":25,"column":14},"end":{"line":25,"column":null}}]},"5":{"loc":{"start":{"line":48,"column":20},"end":{"line":48,"column":45}},"type":"if","locations":[{"start":{"line":48,"column":20},"end":{"line":48,"column":45}}]}},"s":{"0":0,"1":0,"2":0,"3":0,"4":0,"5":0,"6":0,"7":0,"8":0,"9":0,"10":0,"11":0,"12":0,"13":0,"14":0,"15":0,"16":0,"17":0,"18":0,"19":0,"20":0,"21":0,"22":0,"23":0,"24":0,"25":0,"26":0,"27":0},"f":{},"b":{"0":[0],"1":[0],"2":[0],"3":[0,0],"4":[0,0,0],"5":[0]}}
,"C:\\Users\\mauri\\OneDrive\\Documents\\Second-year-Github-projects\\Care-Bear\\care-bear\\src\\stores\\journalStore.js": {"path":"C:\\Users\\mauri\\OneDrive\\Documents\\Second-year-Github-projects\\Care-Bear\\care-bear\\src\\stores\\journalStore.js","statementMap":{},"fnMap":{},"branchMap":{},"s":{},"f":{},"b":{}}
,"C:\\Users\\mauri\\OneDrive\\Documents\\Second-year-Github-projects\\Care-Bear\\care-bear\\src\\stores\\taskManager.js": {"path":"C:\\Users\\mauri\\OneDrive\\Documents\\Second-year-Github-projects\\Care-Bear\\care-bear\\src\\stores\\taskManager.js","statementMap":{"0":{"start":{"line":2,"column":21},"end":{"line":2,"column":33}}},"fnMap":{"0":{"name":"checkForReminders","decl":{"start":{"line":4,"column":16},"end":{"line":4,"column":33}},"loc":{"start":{"line":4,"column":36},"end":{"line":7,"column":1}},"line":4}},"branchMap":{},"s":{"0":0},"f":{"0":0},"b":{}}
,"C:\\Users\\mauri\\OneDrive\\Documents\\Second-year-Github-projects\\Care-Bear\\care-bear\\src\\stores\\themeStore.js": {"path":"C:\\Users\\mauri\\OneDrive\\Documents\\Second-year-Github-projects\\Care-Bear\\care-bear\\src\\stores\\themeStore.js","statementMap":{"0":{"start":{"line":4,"column":22},"end":{"line":4,"column":51}},"1":{"start":{"line":7,"column":24},"end":{"line":7,"column":86}},"2":{"start":{"line":8,"column":31},"end":{"line":8,"column":52}},"3":{"start":{"line":11,"column":8},"end":{"line":11,"column":22}},"4":{"start":{"line":12,"column":8},"end":{"line":15,"column":9}},"5":{"start":{"line":13,"column":12},"end":{"line":13,"column":52}},"6":{"start":{"line":14,"column":12},"end":{"line":14,"column":72}},"7":{"start":{"line":19,"column":4},"end":{"line":21,"column":5}},"8":{"start":{"line":20,"column":8},"end":{"line":20,"column":71}},"9":{"start":{"line":23,"column":4},"end":{"line":27,"column":6}},"10":{"start":{"line":26,"column":22},"end":{"line":26,"column":77}},"11":{"start":{"line":30,"column":14},"end":{"line":30,"column":32}}},"fnMap":{"0":{"name":"createThemeStore","decl":{"start":{"line":3,"column":9},"end":{"line":3,"column":25}},"loc":{"start":{"line":3,"column":28},"end":{"line":28,"column":1}},"line":3},"1":{"name":"updateTheme","decl":{"start":{"line":10,"column":13},"end":{"line":10,"column":24}},"loc":{"start":{"line":10,"column":35},"end":{"line":16,"column":5}},"line":10},"2":{"name":"(anonymous_2)","decl":{"start":{"line":26,"column":16},"end":{"line":26,"column":17}},"loc":{"start":{"line":26,"column":22},"end":{"line":26,"column":77}},"line":26}},"branchMap":{"0":{"loc":{"start":{"line":7,"column":24},"end":{"line":7,"column":86}},"type":"cond-expr","locations":[{"start":{"line":7,"column":36},"end":{"line":7,"column":76}},{"start":{"line":7,"column":79},"end":{"line":7,"column":86}}],"line":7},"1":{"loc":{"start":{"line":7,"column":36},"end":{"line":7,"column":76}},"type":"binary-expr","locations":[{"start":{"line":7,"column":36},"end":{"line":7,"column":65}},{"start":{"line":7,"column":69},"end":{"line":7,"column":76}}],"line":7},"2":{"loc":{"start":{"line":12,"column":8},"end":{"line":15,"column":9}},"type":"if","locations":[{"start":{"line":12,"column":8},"end":{"line":15,"column":9}},{"start":{},"end":{}}],"line":12},"3":{"loc":{"start":{"line":19,"column":4},"end":{"line":21,"column":5}},"type":"if","locations":[{"start":{"line":19,"column":4},"end":{"line":21,"column":5}},{"start":{},"end":{}}],"line":19},"4":{"loc":{"start":{"line":26,"column":34},"end":{"line":26,"column":76}},"type":"cond-expr","locations":[{"start":{"line":26,"column":60},"end":{"line":26,"column":66}},{"start":{"line":26,"column":69},"end":{"line":26,"column":76}}],"line":26}},"s":{"0":0,"1":0,"2":0,"3":0,"4":0,"5":0,"6":0,"7":0,"8":0,"9":0,"10":0,"11":0},"f":{"0":0,"1":0,"2":0},"b":{"0":[0,0],"1":[0,0],"2":[0,0],"3":[0,0],"4":[0,0]}}
}
